2020-08-21 오전 10:21:17 PM프로그램이 실행되었습니다.
2020-08-21 오전 10:21:18 dxdiag이(가) 실행중이지 않아 재시작 합니다.
2020-08-21 오전 10:21:20 mspaint이(가) 실행중이지 않아 재시작 합니다.
2020-08-21 오전 10:21:22 cmd이(가) 실행중이지 않아 재시작 합니다.
2020-08-21 오전 10:21:57 cmd이 종료되었습니다.
2020-08-21 오전 10:22:13 cmd이(가) 실행중이지 않아 재시작 합니다.
2020-08-21 오전 10:22:30 dxdiag이 종료되었습니다.
2020-08-21 오전 10:22:38 mspaint이 종료되었습니다.
2020-08-21 오전 10:22:56 mspaint이(가) 실행중이지 않아 재시작 합니다.
2020-08-21 오전 10:23:23 dxdiag이(가) 실행중이지 않아 재시작 합니다.
2020-08-21 오전 10:27:27 dxdiag이(가) 실행중이지 않아 재시작 합니다.
2020-08-21 오전 10:28:07 cmd이(가) 실행중이지 않아 재시작 합니다.
2020-08-21 오전 10:28:14 PM프로그램이 종료되었습니다.
2020-08-21 오전 10:29:14 PM프로그램이 실행되었습니다.
2020-08-21 오전 10:31:02 cmd이 종료되었습니다.
2020-08-21 오전 10:31:05 cmd이 종료되었습니다.
2020-08-21 오전 10:31:10 cmd이(가) 실행중이지 않아 재시작 합니다.
2020-08-21 오전 10:36:45 PM프로그램이 종료되었습니다.
2020-08-21 오전 10:39:56 PM프로그램이 실행되었습니다.
2020-08-21 오전 10:40:16 mspaint이 종료되었습니다.
2020-08-21 오전 10:40:31 mspaint이(가) 실행중이지 않아 재시작 합니다.
2020-08-21 오전 10:41:35 mspaint이 종료되었습니다.
2020-08-21 오전 10:41:37 mspaint이(가) 실행중이지 않아 재시작 합니다.
2020-08-21 오전 10:48:42 PM프로그램이 종료되었습니다.
2020-08-21 오전 10:48:48 PM프로그램이 실행되었습니다.
2020-08-21 오전 10:49:23 cmd이(가) 실행중이지 않아 재시작 합니다.
2020-08-21 오전 10:49:41 PM프로그램이 종료되었습니다.
2020-08-21 오전 10:50:06 PM프로그램이 실행되었습니다.
2020-08-21 오전 10:50:07 dxdiag이(가) 실행중이지 않아 재시작 합니다.
2020-08-21 오전 10:50:09 mspaint이(가) 실행중이지 않아 재시작 합니다.
2020-08-21 오전 10:50:10 cmd이(가) 실행중이지 않아 재시작 합니다.
2020-08-21 오전 10:51:01 PM프로그램이 실행되었습니다.
2020-08-21 오전 10:51:02 dxdiag이(가) 실행중이지 않아 재시작 합니다.
2020-08-21 오전 10:51:03 mspaint이(가) 실행중이지 않아 재시작 합니다.
2020-08-21 오전 10:51:05 cmd이(가) 실행중이지 않아 재시작 합니다.
2020-08-21 오전 10:51:28 cmd이 종료되었습니다.
2020-08-21 오전 10:51:42 cmd이(가) 실행중이지 않아 재시작 합니다.
2020-08-21 오전 10:52:22 mspaint이 종료되었습니다.
2020-08-21 오전 10:52:40 mspaint이(가) 실행중이지 않아 재시작 합니다.
2020-08-21 오전 10:53:17 PM프로그램이 종료되었습니다.
2020-08-21 오후 5:04:29 PM프로그램이 실행되었습니다.
2020-08-21 오후 5:04:30 dxdiag이(가) 실행중이지 않아 재시작 합니다.
2020-08-21 오후 5:04:31 cmd이(가) 실행중이지 않아 재시작 합니다.
2020-08-21 오후 5:04:33 mspaint이(가) 실행중이지 않아 재시작 합니다.
2020-08-21 오후 5:04:45 dxdiag이 종료되었습니다.
2020-08-21 오후 5:05:37 dxdiag이(가) 실행중이지 않아 재시작 합니다.
2020-08-21 오후 5:05:50 cmd이 종료되었습니다.
2020-08-21 오후 5:05:53 PM프로그램이 종료되었습니다.
2020-08-21 오후 5:18:46 PM프로그램이 실행되었습니다.
2020-08-21 오후 5:18:47 dxdiag이(가) 실행중이지 않아 재시작 합니다.
2020-08-21 오후 5:18:49 mspaint이(가) 실행중이지 않아 재시작 합니다.
2020-08-21 오후 5:18:50 cmd이(가) 실행중이지 않아 재시작 합니다.
2020-08-21 오후 5:19:34 PM프로그램이 종료되었습니다.
2020-08-21 오후 5:23:49 PM프로그램이 실행되었습니다.
2020-08-21 오후 5:25:35 PM프로그램이 종료되었습니다.
2020-08-21 오후 5:25:39 PM프로그램이 실행되었습니다.
2020-08-21 오후 5:26:28 PM프로그램이 종료되었습니다.
2020-08-21 오후 5:27:35 PM프로그램이 실행되었습니다.
2020-08-21 오후 5:27:49 PM프로그램이 종료되었습니다.
2020-08-21 오후 5:29:11 PM프로그램이 실행되었습니다.
2020-08-21 오후 5:29:38 PM프로그램이 종료되었습니다.
2020-08-21 오후 5:30:30 PM프로그램이 실행되었습니다.
2020-08-21 오후 5:30:48 PM프로그램이 종료되었습니다.
2020-08-21 오후 5:49:43 PM프로그램이 실행되었습니다.
2020-08-21 오후 5:50:04 cmd이 종료되었습니다.
2020-08-21 오후 5:50:11 PM프로그램이 종료되었습니다.
2020-08-21 오후 5:52:03 PM프로그램이 실행되었습니다.
2020-08-21 오후 5:52:06 cmd이(가) 실행중이지 않아 재시작 합니다.
2020-08-21 오후 5:52:23 PM프로그램이 종료되었습니다.
2020-08-21 오후 5:52:49 PM프로그램이 실행되었습니다.
2020-08-21 오후 5:53:08 PM프로그램이 종료되었습니다.
2020-08-21 오후 5:53:32 PM프로그램이 실행되었습니다.
2020-08-21 오후 5:53:45 PM프로그램이 종료되었습니다.
2020-08-21 오후 5:54:07 PM프로그램이 실행되었습니다.
2020-08-21 오후 5:54:18 PM프로그램이 종료되었습니다.
2020-08-21 오후 6:26:26 PM프로그램이 실행되었습니다.
2020-08-21 오후 6:26:27 dxdiag이(가) 실행중이지 않아 재시작 합니다.
2020-08-21 오후 6:26:29 cmd이(가) 실행중이지 않아 재시작 합니다.
2020-08-21 오후 6:26:31 mspaint이(가) 실행중이지 않아 재시작 합니다.
2020-08-21 오후 6:28:09 mspaint이 종료되었습니다.
2020-08-21 오후 6:28:38 mspaint이(가) 실행중이지 않아 재시작 합니다.
2020-08-21 오후 6:31:49 cmd이 종료되었습니다.
2020-08-21 오후 6:31:55 cmd이(가) 실행중이지 않아 재시작 합니다.
2020-08-21 오후 6:31:56 mspaint이 종료되었습니다.
2020-08-21 오후 6:31:58 dxdiag이 종료되었습니다.
2020-08-21 오후 6:32:17 mspaint이(가) 실행중이지 않아 재시작 합니다.
2020-08-21 오후 6:32:38 dxdiag이(가) 실행중이지 않아 재시작 합니다.
2020-08-21 오후 6:34:08 PM프로그램이 종료되었습니다.
2020-08-21 오후 6:42:23 PM프로그램이 실행되었습니다.
2020-08-21 오후 6:42:50 C:\Windows\System32\dxdiag.exe(을)를 관리 테이블에서 삭제합니다.
2020-08-21 오후 6:42:52 C:\Windows\System32\mspaint.exe(을)를 관리 테이블에서 삭제합니다.
2020-08-21 오후 6:42:53 C:\Windows\System32\cmd.exe(을)를 관리 테이블에서 삭제합니다.
2020-08-21 오후 6:43:33 C:\Users\sarada\source\repos\test\Release\test.exe(을)를 관리 프로그램으로 추가하였습니다.
2020-08-21 오후 6:44:41 PM프로그램이 종료되었습니다.
2020-08-21 오후 6:44:48 PM프로그램이 실행되었습니다.
2020-08-21 오후 6:44:49 test이(가) 실행중이지 않아 재시작 합니다.
2020-08-21 오후 6:44:50 test이(가) 실행중이지 않아 재시작 합니다.
2020-08-21 오후 6:44:52 test이(가) 실행중이지 않아 재시작 합니다.
2020-08-21 오후 6:44:53 test이(가) 실행중이지 않아 재시작 합니다.
2020-08-21 오후 6:44:55 test이(가) 실행중이지 않아 재시작 합니다.
2020-08-21 오후 6:44:56 test이(가) 실행중이지 않아 재시작 합니다.
2020-08-21 오후 6:44:58 test이(가) 실행중이지 않아 재시작 합니다.
2020-08-21 오후 6:45:00 test이(가) 실행중이지 않아 재시작 합니다.
2020-08-21 오후 6:45:01 test이(가) 실행중이지 않아 재시작 합니다.
2020-08-21 오후 6:45:03 test이(가) 실행중이지 않아 재시작 합니다.
2020-08-21 오후 6:45:04 test이(가) 실행중이지 않아 재시작 합니다.
2020-08-21 오후 6:45:06 test이(가) 실행중이지 않아 재시작 합니다.
2020-08-21 오후 6:45:07 test이(가) 실행중이지 않아 재시작 합니다.
2020-08-21 오후 6:45:09 test이(가) 실행중이지 않아 재시작 합니다.
2020-08-21 오후 6:45:10 test이(가) 실행중이지 않아 재시작 합니다.
2020-08-21 오후 6:45:12 test이(가) 실행중이지 않아 재시작 합니다.
2020-08-21 오후 6:45:14 test이(가) 실행중이지 않아 재시작 합니다.
2020-08-21 오후 6:45:15 test이(가) 실행중이지 않아 재시작 합니다.
2020-08-21 오후 6:45:17 test이(가) 실행중이지 않아 재시작 합니다.
2020-08-21 오후 6:45:18 test이(가) 실행중이지 않아 재시작 합니다.
2020-08-21 오후 6:45:20 test이(가) 실행중이지 않아 재시작 합니다.
2020-08-21 오후 6:45:21 test이(가) 실행중이지 않아 재시작 합니다.
2020-08-21 오후 6:45:23 test이(가) 실행중이지 않아 재시작 합니다.
2020-08-21 오후 6:45:24 test이(가) 실행중이지 않아 재시작 합니다.
2020-08-21 오후 6:45:26 test이(가) 실행중이지 않아 재시작 합니다.
2020-08-21 오후 6:45:28 test이(가) 실행중이지 않아 재시작 합니다.
2020-08-21 오후 6:45:29 test이(가) 실행중이지 않아 재시작 합니다.
2020-08-21 오후 6:45:31 test이(가) 실행중이지 않아 재시작 합니다.
2020-08-21 오후 6:45:32 test이(가) 실행중이지 않아 재시작 합니다.
2020-08-21 오후 6:45:34 test이(가) 실행중이지 않아 재시작 합니다.
2020-08-21 오후 6:45:35 test이(가) 실행중이지 않아 재시작 합니다.
2020-08-21 오후 6:45:37 test이(가) 실행중이지 않아 재시작 합니다.
2020-08-21 오후 6:45:38 test이(가) 실행중이지 않아 재시작 합니다.
2020-08-21 오후 6:45:40 test이(가) 실행중이지 않아 재시작 합니다.
2020-08-21 오후 6:45:41 test이(가) 실행중이지 않아 재시작 합니다.
2020-08-21 오후 6:45:43 test이(가) 실행중이지 않아 재시작 합니다.
2020-08-21 오후 6:45:45 test이(가) 실행중이지 않아 재시작 합니다.
2020-08-21 오후 6:45:46 test이(가) 실행중이지 않아 재시작 합니다.
2020-08-21 오후 6:45:48 test이(가) 실행중이지 않아 재시작 합니다.
2020-08-21 오후 6:45:49 test이(가) 실행중이지 않아 재시작 합니다.
2020-08-21 오후 6:45:51 test이(가) 실행중이지 않아 재시작 합니다.
2020-08-21 오후 6:45:52 test이(가) 실행중이지 않아 재시작 합니다.
2020-08-21 오후 6:45:54 test이(가) 실행중이지 않아 재시작 합니다.
2020-08-21 오후 6:45:55 test이(가) 실행중이지 않아 재시작 합니다.
2020-08-21 오후 6:45:57 test이(가) 실행중이지 않아 재시작 합니다.
2020-08-21 오후 6:45:59 test이(가) 실행중이지 않아 재시작 합니다.
2020-08-21 오후 6:46:00 test이(가) 실행중이지 않아 재시작 합니다.
2020-08-21 오후 6:46:02 test이(가) 실행중이지 않아 재시작 합니다.
2020-08-21 오후 6:46:03 test이(가) 실행중이지 않아 재시작 합니다.
2020-08-21 오후 6:46:05 test이(가) 실행중이지 않아 재시작 합니다.
2020-08-21 오후 6:46:06 test이(가) 실행중이지 않아 재시작 합니다.
2020-08-21 오후 6:46:08 test이(가) 실행중이지 않아 재시작 합니다.
2020-08-21 오후 6:46:09 test이(가) 실행중이지 않아 재시작 합니다.
2020-08-21 오후 6:46:11 test이(가) 실행중이지 않아 재시작 합니다.
2020-08-21 오후 6:46:12 test이(가) 실행중이지 않아 재시작 합니다.
2020-08-21 오후 6:46:14 test이(가) 실행중이지 않아 재시작 합니다.
2020-08-21 오후 6:46:16 test이(가) 실행중이지 않아 재시작 합니다.
2020-08-21 오후 6:46:17 test이(가) 실행중이지 않아 재시작 합니다.
2020-08-21 오후 6:46:19 test이(가) 실행중이지 않아 재시작 합니다.
2020-08-21 오후 6:46:20 test이(가) 실행중이지 않아 재시작 합니다.
2020-08-21 오후 6:46:22 test이(가) 실행중이지 않아 재시작 합니다.
2020-08-21 오후 6:46:23 test이(가) 실행중이지 않아 재시작 합니다.
2020-08-21 오후 6:46:25 test이(가) 실행중이지 않아 재시작 합니다.
2020-08-21 오후 6:46:26 test이(가) 실행중이지 않아 재시작 합니다.
2020-08-21 오후 6:46:28 test이(가) 실행중이지 않아 재시작 합니다.
2020-08-21 오후 6:46:30 test이(가) 실행중이지 않아 재시작 합니다.
2020-08-21 오후 6:46:31 test이(가) 실행중이지 않아 재시작 합니다.
2020-08-21 오후 6:46:33 test이(가) 실행중이지 않아 재시작 합니다.
2020-08-21 오후 6:46:34 test이(가) 실행중이지 않아 재시작 합니다.
2020-08-21 오후 6:46:36 test이(가) 실행중이지 않아 재시작 합니다.
2020-08-21 오후 6:46:37 test이(가) 실행중이지 않아 재시작 합니다.
2020-08-21 오후 6:46:39 test이(가) 실행중이지 않아 재시작 합니다.
2020-08-21 오후 6:46:40 test이(가) 실행중이지 않아 재시작 합니다.
2020-08-21 오후 6:46:42 test이(가) 실행중이지 않아 재시작 합니다.
2020-08-21 오후 6:46:43 test이(가) 실행중이지 않아 재시작 합니다.
2020-08-21 오후 6:46:45 test이(가) 실행중이지 않아 재시작 합니다.
2020-08-21 오후 6:46:47 test이(가) 실행중이지 않아 재시작 합니다.
2020-08-21 오후 6:46:48 test이(가) 실행중이지 않아 재시작 합니다.
2020-08-21 오후 6:46:50 test이(가) 실행중이지 않아 재시작 합니다.
2020-08-21 오후 6:46:51 test이(가) 실행중이지 않아 재시작 합니다.
2020-08-21 오후 6:46:53 test이(가) 실행중이지 않아 재시작 합니다.
2020-08-21 오후 6:46:54 test이(가) 실행중이지 않아 재시작 합니다.
2020-08-21 오후 6:46:56 test이(가) 실행중이지 않아 재시작 합니다.
2020-08-21 오후 6:46:57 test이(가) 실행중이지 않아 재시작 합니다.
2020-08-21 오후 6:46:59 test이(가) 실행중이지 않아 재시작 합니다.
2020-08-21 오후 6:47:01 test이(가) 실행중이지 않아 재시작 합니다.
2020-08-21 오후 6:47:02 test이(가) 실행중이지 않아 재시작 합니다.
2020-08-21 오후 6:47:04 test이(가) 실행중이지 않아 재시작 합니다.
2020-08-21 오후 6:47:05 test이(가) 실행중이지 않아 재시작 합니다.
2020-08-21 오후 6:47:07 test이(가) 실행중이지 않아 재시작 합니다.
2020-08-21 오후 6:47:08 test이(가) 실행중이지 않아 재시작 합니다.
2020-08-21 오후 6:47:10 test이(가) 실행중이지 않아 재시작 합니다.
2020-08-21 오후 6:47:11 test이(가) 실행중이지 않아 재시작 합니다.
2020-08-21 오후 6:47:13 test이(가) 실행중이지 않아 재시작 합니다.
2020-08-21 오후 6:47:15 test이(가) 실행중이지 않아 재시작 합니다.
2020-08-21 오후 6:47:16 test이(가) 실행중이지 않아 재시작 합니다.
2020-08-21 오후 6:47:18 test이(가) 실행중이지 않아 재시작 합니다.
2020-08-21 오후 6:47:19 test이(가) 실행중이지 않아 재시작 합니다.
2020-08-21 오후 6:47:21 test이(가) 실행중이지 않아 재시작 합니다.
2020-08-21 오후 6:47:22 test이(가) 실행중이지 않아 재시작 합니다.
2020-08-21 오후 6:47:24 test이(가) 실행중이지 않아 재시작 합니다.
2020-08-21 오후 6:47:25 test이(가) 실행중이지 않아 재시작 합니다.
2020-08-21 오후 6:47:27 test이(가) 실행중이지 않아 재시작 합니다.
2020-08-21 오후 6:47:28 test이(가) 실행중이지 않아 재시작 합니다.
2020-08-21 오후 6:47:30 test이(가) 실행중이지 않아 재시작 합니다.
2020-08-21 오후 6:47:32 test이(가) 실행중이지 않아 재시작 합니다.
2020-08-21 오후 6:47:33 test이(가) 실행중이지 않아 재시작 합니다.
2020-08-21 오후 6:47:35 test이(가) 실행중이지 않아 재시작 합니다.
2020-08-21 오후 6:47:36 test이(가) 실행중이지 않아 재시작 합니다.
2020-08-21 오후 6:47:38 test이(가) 실행중이지 않아 재시작 합니다.
2020-08-21 오후 6:47:39 test이(가) 실행중이지 않아 재시작 합니다.
2020-08-21 오후 6:47:41 test이(가) 실행중이지 않아 재시작 합니다.
2020-08-21 오후 6:47:42 test이(가) 실행중이지 않아 재시작 합니다.
2020-08-21 오후 6:47:44 test이(가) 실행중이지 않아 재시작 합니다.
2020-08-21 오후 6:47:46 test이(가) 실행중이지 않아 재시작 합니다.
2020-08-21 오후 6:47:47 test이(가) 실행중이지 않아 재시작 합니다.
2020-08-21 오후 6:47:49 test이(가) 실행중이지 않아 재시작 합니다.
2020-08-21 오후 6:47:50 test이(가) 실행중이지 않아 재시작 합니다.
2020-08-21 오후 6:47:52 test이(가) 실행중이지 않아 재시작 합니다.
2020-08-21 오후 6:47:53 test이(가) 실행중이지 않아 재시작 합니다.
2020-08-21 오후 6:47:55 test이(가) 실행중이지 않아 재시작 합니다.
2020-08-21 오후 6:47:56 test이(가) 실행중이지 않아 재시작 합니다.
2020-08-21 오후 6:47:58 test이(가) 실행중이지 않아 재시작 합니다.
2020-08-21 오후 6:47:59 test이(가) 실행중이지 않아 재시작 합니다.
2020-08-21 오후 6:48:01 test이(가) 실행중이지 않아 재시작 합니다.
2020-08-21 오후 6:48:03 test이(가) 실행중이지 않아 재시작 합니다.
2020-08-21 오후 6:48:04 test이(가) 실행중이지 않아 재시작 합니다.
2020-08-21 오후 6:48:06 test이(가) 실행중이지 않아 재시작 합니다.
2020-08-21 오후 6:48:07 test이(가) 실행중이지 않아 재시작 합니다.
2020-08-21 오후 6:48:09 test이(가) 실행중이지 않아 재시작 합니다.
2020-08-21 오후 6:48:10 test이(가) 실행중이지 않아 재시작 합니다.
2020-08-21 오후 6:48:12 test이(가) 실행중이지 않아 재시작 합니다.
2020-08-21 오후 6:48:13 test이(가) 실행중이지 않아 재시작 합니다.
2020-08-21 오후 6:48:15 test이(가) 실행중이지 않아 재시작 합니다.
2020-08-21 오후 6:48:17 test이(가) 실행중이지 않아 재시작 합니다.
2020-08-21 오후 6:48:18 test이(가) 실행중이지 않아 재시작 합니다.
2020-08-21 오후 6:48:20 test이(가) 실행중이지 않아 재시작 합니다.
2020-08-21 오후 6:48:21 test이(가) 실행중이지 않아 재시작 합니다.
2020-08-21 오후 6:48:23 test이(가) 실행중이지 않아 재시작 합니다.
2020-08-21 오후 6:48:24 test이(가) 실행중이지 않아 재시작 합니다.
2020-08-21 오후 6:48:26 test이(가) 실행중이지 않아 재시작 합니다.
2020-08-21 오후 6:48:27 test이(가) 실행중이지 않아 재시작 합니다.
2020-08-21 오후 6:48:29 test이(가) 실행중이지 않아 재시작 합니다.
2020-08-21 오후 6:48:30 test이(가) 실행중이지 않아 재시작 합니다.
2020-08-21 오후 6:48:32 test이(가) 실행중이지 않아 재시작 합니다.
2020-08-21 오후 6:48:34 test이(가) 실행중이지 않아 재시작 합니다.
2020-08-21 오후 6:48:35 test이(가) 실행중이지 않아 재시작 합니다.
2020-08-21 오후 6:48:37 test이(가) 실행중이지 않아 재시작 합니다.
2020-08-21 오후 6:48:38 test이(가) 실행중이지 않아 재시작 합니다.
2020-08-21 오후 6:48:40 test이(가) 실행중이지 않아 재시작 합니다.
2020-08-21 오후 6:48:41 test이(가) 실행중이지 않아 재시작 합니다.
2020-08-21 오후 6:48:43 test이(가) 실행중이지 않아 재시작 합니다.
2020-08-21 오후 6:48:44 test이(가) 실행중이지 않아 재시작 합니다.
2020-08-21 오후 6:48:46 test이(가) 실행중이지 않아 재시작 합니다.
2020-08-21 오후 6:48:48 test이(가) 실행중이지 않아 재시작 합니다.
2020-08-21 오후 6:48:49 test이(가) 실행중이지 않아 재시작 합니다.
2020-08-21 오후 6:48:51 test이(가) 실행중이지 않아 재시작 합니다.
2020-08-21 오후 6:48:52 test이(가) 실행중이지 않아 재시작 합니다.
2020-08-21 오후 6:48:54 test이(가) 실행중이지 않아 재시작 합니다.
2020-08-21 오후 6:48:55 test이(가) 실행중이지 않아 재시작 합니다.
2020-08-21 오후 6:48:57 test이(가) 실행중이지 않아 재시작 합니다.
2020-08-21 오후 6:48:58 test이(가) 실행중이지 않아 재시작 합니다.
2020-08-21 오후 6:49:00 test이(가) 실행중이지 않아 재시작 합니다.
2020-08-21 오후 6:49:01 test이(가) 실행중이지 않아 재시작 합니다.
2020-08-21 오후 6:49:03 test이(가) 실행중이지 않아 재시작 합니다.
2020-08-21 오후 6:49:05 test이(가) 실행중이지 않아 재시작 합니다.
2020-08-21 오후 6:49:06 test이(가) 실행중이지 않아 재시작 합니다.
2020-08-21 오후 6:49:08 test이(가) 실행중이지 않아 재시작 합니다.
2020-08-21 오후 6:49:09 test이(가) 실행중이지 않아 재시작 합니다.
2020-08-21 오후 6:49:11 test이(가) 실행중이지 않아 재시작 합니다.
2020-08-21 오후 6:49:12 test이(가) 실행중이지 않아 재시작 합니다.
2020-08-21 오후 6:49:14 test이(가) 실행중이지 않아 재시작 합니다.
2020-08-21 오후 6:49:15 test이(가) 실행중이지 않아 재시작 합니다.
2020-08-21 오후 6:49:17 test이(가) 실행중이지 않아 재시작 합니다.
2020-08-21 오후 6:49:19 test이(가) 실행중이지 않아 재시작 합니다.
2020-08-21 오후 6:49:20 test이(가) 실행중이지 않아 재시작 합니다.
2020-08-21 오후 6:49:22 test이(가) 실행중이지 않아 재시작 합니다.
2020-08-21 오후 6:49:23 test이(가) 실행중이지 않아 재시작 합니다.
2020-08-21 오후 6:49:25 test이(가) 실행중이지 않아 재시작 합니다.
2020-08-21 오후 6:49:26 test이(가) 실행중이지 않아 재시작 합니다.
2020-08-21 오후 6:49:28 test이(가) 실행중이지 않아 재시작 합니다.
2020-08-21 오후 6:49:29 test이(가) 실행중이지 않아 재시작 합니다.
2020-08-21 오후 6:49:31 test이(가) 실행중이지 않아 재시작 합니다.
2020-08-21 오후 6:49:33 test이(가) 실행중이지 않아 재시작 합니다.
2020-08-21 오후 6:49:34 test이(가) 실행중이지 않아 재시작 합니다.
2020-08-21 오후 6:49:36 test이(가) 실행중이지 않아 재시작 합니다.
2020-08-21 오후 6:49:37 test이(가) 실행중이지 않아 재시작 합니다.
2020-08-21 오후 6:49:39 test이(가) 실행중이지 않아 재시작 합니다.
2020-08-21 오후 6:49:40 test이(가) 실행중이지 않아 재시작 합니다.
2020-08-21 오후 6:49:42 test이(가) 실행중이지 않아 재시작 합니다.
2020-08-21 오후 6:49:43 test이(가) 실행중이지 않아 재시작 합니다.
2020-08-21 오후 6:49:45 test이(가) 실행중이지 않아 재시작 합니다.
2020-08-21 오후 6:49:46 test이(가) 실행중이지 않아 재시작 합니다.
2020-08-21 오후 6:49:48 test이(가) 실행중이지 않아 재시작 합니다.
2020-08-21 오후 6:49:50 test이(가) 실행중이지 않아 재시작 합니다.
2020-08-21 오후 6:49:51 test이(가) 실행중이지 않아 재시작 합니다.
2020-08-21 오후 6:49:53 test이(가) 실행중이지 않아 재시작 합니다.
2020-08-21 오후 6:49:54 test이(가) 실행중이지 않아 재시작 합니다.
2020-08-21 오후 6:49:56 test이(가) 실행중이지 않아 재시작 합니다.
2020-08-21 오후 6:49:57 test이(가) 실행중이지 않아 재시작 합니다.
2020-08-21 오후 6:49:59 test이(가) 실행중이지 않아 재시작 합니다.
2020-08-21 오후 6:50:00 test이(가) 실행중이지 않아 재시작 합니다.
2020-08-21 오후 6:50:02 test이(가) 실행중이지 않아 재시작 합니다.
2020-08-21 오후 6:50:04 test이(가) 실행중이지 않아 재시작 합니다.
2020-08-21 오후 6:50:05 test이(가) 실행중이지 않아 재시작 합니다.
2020-08-21 오후 6:50:07 test이(가) 실행중이지 않아 재시작 합니다.
2020-08-21 오후 6:50:08 test이(가) 실행중이지 않아 재시작 합니다.
2020-08-21 오후 6:50:10 test이(가) 실행중이지 않아 재시작 합니다.
2020-08-21 오후 6:50:11 test이(가) 실행중이지 않아 재시작 합니다.
2020-08-21 오후 6:50:13 test이(가) 실행중이지 않아 재시작 합니다.
2020-08-21 오후 6:50:14 test이(가) 실행중이지 않아 재시작 합니다.
2020-08-21 오후 6:50:16 test이(가) 실행중이지 않아 재시작 합니다.
2020-08-21 오후 6:50:18 test이(가) 실행중이지 않아 재시작 합니다.
2020-08-21 오후 6:50:19 test이(가) 실행중이지 않아 재시작 합니다.
2020-08-21 오후 6:50:21 test이(가) 실행중이지 않아 재시작 합니다.
2020-08-21 오후 6:50:22 test이(가) 실행중이지 않아 재시작 합니다.
2020-08-21 오후 6:50:24 test이(가) 실행중이지 않아 재시작 합니다.
2020-08-21 오후 6:50:25 test이(가) 실행중이지 않아 재시작 합니다.
2020-08-21 오후 6:50:27 test이(가) 실행중이지 않아 재시작 합니다.
2020-08-21 오후 6:50:28 test이(가) 실행중이지 않아 재시작 합니다.
2020-08-21 오후 6:50:30 test이(가) 실행중이지 않아 재시작 합니다.
2020-08-21 오후 6:50:31 test이(가) 실행중이지 않아 재시작 합니다.
2020-08-21 오후 6:50:33 test이(가) 실행중이지 않아 재시작 합니다.
2020-08-21 오후 6:50:35 test이(가) 실행중이지 않아 재시작 합니다.
2020-08-21 오후 6:50:36 test이(가) 실행중이지 않아 재시작 합니다.
2020-08-21 오후 6:50:38 test이(가) 실행중이지 않아 재시작 합니다.
2020-08-21 오후 6:50:39 test이(가) 실행중이지 않아 재시작 합니다.
2020-08-21 오후 6:50:41 test이(가) 실행중이지 않아 재시작 합니다.
2020-08-21 오후 6:50:42 test이(가) 실행중이지 않아 재시작 합니다.
2020-08-21 오후 6:50:44 test이(가) 실행중이지 않아 재시작 합니다.
2020-08-21 오후 6:50:45 test이(가) 실행중이지 않아 재시작 합니다.
2020-08-21 오후 6:50:47 test이(가) 실행중이지 않아 재시작 합니다.
2020-08-21 오후 6:50:49 test이(가) 실행중이지 않아 재시작 합니다.
2020-08-21 오후 6:50:50 test이(가) 실행중이지 않아 재시작 합니다.
2020-08-21 오후 6:50:52 test이(가) 실행중이지 않아 재시작 합니다.
2020-08-21 오후 6:50:53 test이(가) 실행중이지 않아 재시작 합니다.
2020-08-21 오후 6:50:55 test이(가) 실행중이지 않아 재시작 합니다.
2020-08-21 오후 6:50:56 test이(가) 실행중이지 않아 재시작 합니다.
2020-08-21 오후 6:50:58 test이(가) 실행중이지 않아 재시작 합니다.
2020-08-21 오후 6:50:59 test이(가) 실행중이지 않아 재시작 합니다.
2020-08-21 오후 6:51:01 PM프로그램이 종료되었습니다.
2020-08-21 오후 6:51:05 PM프로그램이 실행되었습니다.
2020-08-21 오후 6:51:06 test이(가) 실행중이지 않아 재시작 합니다.
2020-08-21 오후 6:51:07 test이(가) 실행중이지 않아 재시작 합니다.
2020-08-21 오후 6:51:09 test이(가) 실행중이지 않아 재시작 합니다.
2020-08-21 오후 6:51:11 test이(가) 실행중이지 않아 재시작 합니다.
2020-08-21 오후 6:51:12 test이(가) 실행중이지 않아 재시작 합니다.
2020-08-21 오후 6:51:14 test이(가) 실행중이지 않아 재시작 합니다.
2020-08-21 오후 6:51:15 test이(가) 실행중이지 않아 재시작 합니다.
2020-08-21 오후 6:51:17 test이(가) 실행중이지 않아 재시작 합니다.
2020-08-21 오후 6:51:18 test이(가) 실행중이지 않아 재시작 합니다.
2020-08-21 오후 6:51:20 test이(가) 실행중이지 않아 재시작 합니다.
2020-08-21 오후 6:51:21 test이(가) 실행중이지 않아 재시작 합니다.
2020-08-21 오후 6:51:23 test이(가) 실행중이지 않아 재시작 합니다.
2020-08-21 오후 6:51:25 test이(가) 실행중이지 않아 재시작 합니다.
2020-08-21 오후 6:51:26 test이(가) 실행중이지 않아 재시작 합니다.
2020-08-21 오후 6:51:28 test이(가) 실행중이지 않아 재시작 합니다.
2020-08-21 오후 6:51:29 test이(가) 실행중이지 않아 재시작 합니다.
2020-08-21 오후 6:51:31 test이(가) 실행중이지 않아 재시작 합니다.
2020-08-21 오후 6:51:32 test이(가) 실행중이지 않아 재시작 합니다.
2020-08-21 오후 6:51:34 test이(가) 실행중이지 않아 재시작 합니다.
2020-08-21 오후 6:51:35 test이(가) 실행중이지 않아 재시작 합니다.
2020-08-21 오후 6:51:37 test이(가) 실행중이지 않아 재시작 합니다.
2020-08-21 오후 6:51:38 test이(가) 실행중이지 않아 재시작 합니다.
2020-08-21 오후 6:51:40 test이(가) 실행중이지 않아 재시작 합니다.
2020-08-21 오후 6:51:42 test이(가) 실행중이지 않아 재시작 합니다.
2020-08-21 오후 6:51:43 test이(가) 실행중이지 않아 재시작 합니다.
2020-08-21 오후 6:51:45 test이(가) 실행중이지 않아 재시작 합니다.
2020-08-21 오후 6:51:46 test이(가) 실행중이지 않아 재시작 합니다.
2020-08-21 오후 6:51:48 test이(가) 실행중이지 않아 재시작 합니다.
2020-08-21 오후 6:51:49 test이(가) 실행중이지 않아 재시작 합니다.
2020-08-21 오후 6:51:51 test이(가) 실행중이지 않아 재시작 합니다.
2020-08-21 오후 6:51:52 test이(가) 실행중이지 않아 재시작 합니다.
2020-08-21 오후 6:51:54 test이(가) 실행중이지 않아 재시작 합니다.
2020-08-21 오후 6:51:56 test이(가) 실행중이지 않아 재시작 합니다.
2020-08-21 오후 6:51:57 test이(가) 실행중이지 않아 재시작 합니다.
2020-08-21 오후 6:51:59 test이(가) 실행중이지 않아 재시작 합니다.
2020-08-21 오후 6:52:00 test이(가) 실행중이지 않아 재시작 합니다.
2020-08-21 오후 6:52:02 test이(가) 실행중이지 않아 재시작 합니다.
2020-08-21 오후 6:52:03 test이(가) 실행중이지 않아 재시작 합니다.
2020-08-21 오후 6:52:05 test이(가) 실행중이지 않아 재시작 합니다.
2020-08-21 오후 6:52:06 test이(가) 실행중이지 않아 재시작 합니다.
2020-08-21 오후 6:52:08 test이(가) 실행중이지 않아 재시작 합니다.
2020-08-21 오후 6:52:09 PM프로그램이 종료되었습니다.
2020-08-21 오후 7:58:52 PM프로그램이 실행되었습니다.
2020-08-21 오후 7:58:53 test이(가) 실행중이지 않아 재시작 합니다.
2020-08-21 오후 7:58:55 test이(가) 실행중이지 않아 재시작 합니다.
2020-08-21 오후 7:58:55 PM프로그램이 종료되었습니다.
