2020-08-25 오전 8:35:09 PM프로그램이 실행되었습니다.
2020-08-25 오전 8:35:10 mspaint이(가) 실행중이지 않아 시작합니다.
2020-08-25 오전 8:35:12 cmd이(가) 실행중이지 않아 시작합니다.
2020-08-25 오전 8:35:47 dxdiag이(가) 실행중이지 않아 시작합니다.
2020-08-25 오전 8:37:49 PM프로그램이 종료되었습니다.
2020-08-25 오전 8:46:13 PM프로그램이 실행되었습니다.
2020-08-25 오전 8:46:22 cmd이 종료되었습니다.
2020-08-25 오전 8:46:33 C:\Windows\System32\cmd.exe(을)를 관리 테이블에서 삭제합니다.
2020-08-25 오전 8:46:46 cmd이(가) 실행중이지 않아 시작합니다.
2020-08-25 오전 8:47:01 cmd이 종료되었습니다.
2020-08-25 오전 8:47:20 cmd이(가) 실행중이지 않아 시작합니다.
2020-08-25 오전 8:50:34 PM프로그램이 종료되었습니다.
2020-08-25 오전 8:50:37 PM프로그램이 실행되었습니다.
2020-08-25 오전 8:50:52 cmd이(가) 실행중이지 않아 시작합니다.
2020-08-25 오전 8:51:15 cmd이 종료되었습니다.
2020-08-25 오전 8:56:14 C:\Windows\System32\cmd.exe(을)를 관리 테이블에서 삭제합니다.
2020-08-25 오전 8:56:16 cmd이(가) 실행중이지 않아 시작합니다.
2020-08-25 오전 8:56:26 cmd이 종료되었습니다.
2020-08-25 오전 8:56:30 PM프로그램이 종료되었습니다.
2020-08-25 오전 9:01:23 PM프로그램이 실행되었습니다.
2020-08-25 오전 9:01:41 cmd이(가) 실행중이지 않아 시작합니다.
2020-08-25 오전 9:01:49 cmd이 종료되었습니다.
2020-08-25 오전 9:01:58 C:\Windows\System32\cmd.exe(을)를 관리 테이블에서 삭제합니다.
2020-08-25 오전 9:02:19 C:\Windows\System32\dxdiag.exe(을)를 관리 테이블에서 삭제합니다.
2020-08-25 오전 9:02:23 dxdiag이 종료되었습니다.
2020-08-25 오전 9:02:26 dxdiag이 종료되었습니다.
2020-08-25 오전 9:02:58 dxdiag이(가) 실행중이지 않아 시작합니다.
2020-08-25 오전 9:03:10 cmd이(가) 실행중이지 않아 시작합니다.
2020-08-25 오전 9:05:54 PM프로그램이 종료되었습니다.
2020-08-25 오전 9:06:19 PM프로그램이 실행되었습니다.
2020-08-25 오전 9:12:27 PM프로그램이 종료되었습니다.
2020-08-25 오전 9:40:10 PM프로그램이 실행되었습니다.
2020-08-25 오전 9:40:25 PM프로그램이 종료되었습니다.
2020-08-25 오전 9:40:46 PM프로그램이 실행되었습니다.
2020-08-25 오전 9:41:17 PM프로그램이 종료되었습니다.
2020-08-25 오전 9:43:41 PM프로그램이 실행되었습니다.
2020-08-25 오전 9:44:19 PM프로그램이 종료되었습니다.
2020-08-25 오전 9:46:40 PM프로그램이 실행되었습니다.
2020-08-25 오전 9:47:00 PM프로그램이 종료되었습니다.
2020-08-25 오전 9:54:16 PM프로그램이 실행되었습니다.
2020-08-25 오전 9:54:36 PM프로그램이 종료되었습니다.
2020-08-25 오전 9:56:15 PM프로그램이 실행되었습니다.
2020-08-25 오전 9:56:21 PM프로그램이 종료되었습니다.
2020-08-25 오전 10:04:56 PM프로그램이 실행되었습니다.
2020-08-25 오전 10:05:30 PM프로그램이 종료되었습니다.
2020-08-25 오전 10:05:41 PM프로그램이 실행되었습니다.
2020-08-25 오전 10:06:10 PM프로그램이 종료되었습니다.
2020-08-25 오전 10:10:18 PM프로그램이 실행되었습니다.
2020-08-25 오전 10:10:29 PM프로그램이 종료되었습니다.
2020-08-25 오전 10:18:50 PM프로그램이 실행되었습니다.
2020-08-25 오전 10:19:22 PM프로그램이 종료되었습니다.
2020-08-25 오전 10:19:36 PM프로그램이 실행되었습니다.
2020-08-25 오전 10:19:43 PM프로그램이 종료되었습니다.
2020-08-25 오전 10:20:31 PM프로그램이 실행되었습니다.
2020-08-25 오전 10:20:37 PM프로그램이 종료되었습니다.
2020-08-25 오전 10:20:50 PM프로그램이 실행되었습니다.
2020-08-25 오전 10:21:10 PM프로그램이 종료되었습니다.
2020-08-25 오전 10:24:03 PM프로그램이 실행되었습니다.
2020-08-25 오전 10:24:23 PM프로그램이 종료되었습니다.
2020-08-25 오전 10:24:55 PM프로그램이 실행되었습니다.
2020-08-25 오전 10:25:11 PM프로그램이 종료되었습니다.
2020-08-25 오전 10:27:41 PM프로그램이 실행되었습니다.
2020-08-25 오전 10:27:52 PM프로그램이 종료되었습니다.
2020-08-25 오전 10:30:26 PM프로그램이 실행되었습니다.
2020-08-25 오전 10:30:56 PM프로그램이 종료되었습니다.
2020-08-25 오전 10:30:58 PM프로그램이 실행되었습니다.
2020-08-25 오전 10:31:08 PM프로그램이 종료되었습니다.
2020-08-25 오전 10:33:37 PM프로그램이 실행되었습니다.
2020-08-25 오전 10:34:01 PM프로그램이 종료되었습니다.
2020-08-25 오전 10:34:27 PM프로그램이 실행되었습니다.
2020-08-25 오전 10:34:49 PM프로그램이 종료되었습니다.
2020-08-25 오전 10:34:52 PM프로그램이 종료되었습니다.
2020-08-25 오전 10:39:35 PM프로그램이 실행되었습니다.
2020-08-25 오전 10:39:39 PM프로그램이 종료되었습니다.
2020-08-25 오전 10:41:25 PM프로그램이 실행되었습니다.
2020-08-25 오전 10:41:39 PM프로그램이 종료되었습니다.
2020-08-25 오전 10:47:48 PM프로그램이 실행되었습니다.
2020-08-25 오전 10:47:56 PM프로그램이 종료되었습니다.
2020-08-25 오전 10:49:09 PM프로그램이 실행되었습니다.
2020-08-25 오전 10:49:25 PM프로그램이 종료되었습니다.
2020-08-25 오전 10:50:46 PM프로그램이 실행되었습니다.
2020-08-25 오전 10:56:05 PM프로그램이 종료되었습니다.
2020-08-25 오전 10:56:07 PM프로그램이 실행되었습니다.
2020-08-25 오전 10:56:17 PM프로그램이 종료되었습니다.
2020-08-25 오전 10:58:38 PM프로그램이 실행되었습니다.
2020-08-25 오전 10:58:47 PM프로그램이 종료되었습니다.
2020-08-25 오전 10:59:18 PM프로그램이 실행되었습니다.
2020-08-25 오전 10:59:23 PM프로그램이 종료되었습니다.
2020-08-25 오전 11:09:52 PM프로그램이 실행되었습니다.
2020-08-25 오전 11:10:22 PM프로그램이 종료되었습니다.
2020-08-25 오전 11:12:42 PM프로그램이 실행되었습니다.
2020-08-25 오전 11:12:49 PM프로그램이 종료되었습니다.
2020-08-25 오전 11:13:32 PM프로그램이 실행되었습니다.
2020-08-25 오전 11:13:43 PM프로그램이 종료되었습니다.
2020-08-25 오전 11:18:07 PM프로그램이 실행되었습니다.
2020-08-25 오전 11:18:25 PM프로그램이 종료되었습니다.
2020-08-25 오전 11:24:04 PM프로그램이 실행되었습니다.
2020-08-25 오전 11:24:15 PM프로그램이 종료되었습니다.
2020-08-25 오전 11:28:37 PM프로그램이 실행되었습니다.
2020-08-25 오전 11:28:45 PM프로그램이 종료되었습니다.
2020-08-25 오전 11:32:51 PM프로그램이 실행되었습니다.
2020-08-25 오전 11:33:21 PM프로그램이 종료되었습니다.
2020-08-25 오전 11:41:15 PM프로그램이 실행되었습니다.
2020-08-25 오전 11:42:06 PM프로그램이 종료되었습니다.
2020-08-25 오전 11:43:45 PM프로그램이 실행되었습니다.
2020-08-25 오전 11:44:13 PM프로그램이 종료되었습니다.
2020-08-25 오전 11:44:23 PM프로그램이 실행되었습니다.
2020-08-25 오전 11:44:40 PM프로그램이 종료되었습니다.
2020-08-25 오전 11:45:45 PM프로그램이 실행되었습니다.
2020-08-25 오전 11:46:32 PM프로그램이 종료되었습니다.
2020-08-25 오전 11:46:54 PM프로그램이 실행되었습니다.
2020-08-25 오전 11:47:08 PM프로그램이 종료되었습니다.
2020-08-25 오전 11:49:42 PM프로그램이 실행되었습니다.
2020-08-25 오전 11:50:01 PM프로그램이 종료되었습니다.
2020-08-25 오전 11:54:35 PM프로그램이 실행되었습니다.
2020-08-25 오전 11:54:54 PM프로그램이 종료되었습니다.
2020-08-25 오후 1:16:44 PM프로그램이 실행되었습니다.
2020-08-25 오후 1:19:46 PM프로그램이 종료되었습니다.
2020-08-25 오후 1:19:47 PM프로그램이 실행되었습니다.
2020-08-25 오후 1:19:53 PM프로그램이 종료되었습니다.
2020-08-25 오후 1:21:16 PM프로그램이 실행되었습니다.
2020-08-25 오후 1:21:44 PM프로그램이 종료되었습니다.
2020-08-25 오후 1:25:34 PM프로그램이 실행되었습니다.
2020-08-25 오후 1:25:54 PM프로그램이 종료되었습니다.
2020-08-25 오후 1:37:55 PM프로그램이 실행되었습니다.
2020-08-25 오후 1:41:27 PM프로그램이 실행되었습니다.
2020-08-25 오후 1:41:37 PM프로그램이 종료되었습니다.
2020-08-25 오후 1:41:39 PM프로그램이 종료되었습니다.
2020-08-25 오후 1:42:40 PM프로그램이 실행되었습니다.
2020-08-25 오후 1:42:54 PM프로그램이 종료되었습니다.
2020-08-25 오후 1:51:36 PM프로그램이 실행되었습니다.
2020-08-25 오후 1:59:48 PM프로그램이 종료되었습니다.
2020-08-25 오후 2:11:20 PM프로그램이 실행되었습니다.
2020-08-25 오후 2:11:30 PM프로그램이 종료되었습니다.
2020-08-25 오후 2:19:48 PM프로그램이 실행되었습니다.
2020-08-25 오후 2:19:57 PM프로그램이 종료되었습니다.
2020-08-25 오후 2:27:26 PM프로그램이 실행되었습니다.
2020-08-25 오후 2:28:22 C:\Windows\System32\mspaint.exe(을)를 관리 테이블에서 삭제합니다.
2020-08-25 오후 2:28:32 mspaint이 종료되었습니다.
2020-08-25 오후 2:33:47 PM프로그램이 종료되었습니다.
2020-08-25 오후 2:33:49 PM프로그램이 실행되었습니다.
2020-08-25 오후 2:34:25 PM프로그램이 실행되었습니다.
2020-08-25 오후 2:35:09 PM프로그램이 실행되었습니다.
2020-08-25 오후 2:36:13 PM프로그램이 실행되었습니다.
2020-08-25 오후 2:37:01 PM프로그램이 실행되었습니다.
2020-08-25 오후 2:37:53 PM프로그램이 실행되었습니다.
2020-08-25 오후 2:38:45 PM프로그램이 실행되었습니다.
2020-08-25 오후 2:39:31 PM프로그램이 실행되었습니다.
2020-08-25 오후 2:40:16 PM프로그램이 실행되었습니다.
2020-08-25 오후 2:41:09 PM프로그램이 실행되었습니다.
2020-08-25 오후 2:41:41 PM프로그램이 실행되었습니다.
2020-08-25 오후 2:46:09 PM프로그램이 실행되었습니다.
2020-08-25 오후 2:46:54 PM프로그램이 실행되었습니다.
2020-08-25 오후 2:49:00 PM프로그램이 실행되었습니다.
2020-08-25 오후 2:49:05 C:\Windows\System32\cmd.exe(을)를 관리 테이블에서 삭제합니다.
2020-08-25 오후 2:49:07 C:\Windows\System32\dxdiag.exe(을)를 관리 테이블에서 삭제합니다.
2020-08-25 오후 2:49:26 PM프로그램이 종료되었습니다.
2020-08-25 오후 2:49:53 PM프로그램이 실행되었습니다.
2020-08-25 오후 2:52:56 PM프로그램이 실행되었습니다.
2020-08-25 오후 2:56:04 PM프로그램이 종료되었습니다.
2020-08-25 오후 2:56:12 PM프로그램이 실행되었습니다.
2020-08-25 오후 2:56:17 PM프로그램이 종료되었습니다.
2020-08-25 오후 2:56:23 PM프로그램이 실행되었습니다.
2020-08-25 오후 3:03:14 PM프로그램이 종료되었습니다.
2020-08-25 오후 3:10:18 PM프로그램이 실행되었습니다.
2020-08-25 오후 3:11:04 PM프로그램이 종료되었습니다.
2020-08-25 오후 3:13:06 PM프로그램이 실행되었습니다.
2020-08-25 오후 3:13:21 cmd이(가) 실행중이지 않아 시작합니다.
2020-08-25 오후 3:13:33 PM프로그램이 종료되었습니다.
2020-08-25 오후 3:25:43 PM프로그램이 실행되었습니다.
2020-08-25 오후 3:25:44 cmd이(가) 실행중이지 않아 시작합니다.
2020-08-25 오후 3:57:36 mspaint이(가) 실행중이지 않아 시작합니다.
2020-08-25 오후 3:57:55 dxdiag이(가) 실행중이지 않아 시작합니다.
2020-08-25 오후 4:02:40 PM프로그램이 종료되었습니다.
2020-08-25 오후 4:02:53 PM프로그램이 실행되었습니다.
2020-08-25 오후 4:03:21 PM프로그램이 종료되었습니다.
2020-08-25 오후 4:09:43 PM프로그램이 실행되었습니다.
2020-08-25 오후 4:09:56 PM프로그램이 종료되었습니다.
2020-08-25 오후 4:10:02 PM프로그램이 실행되었습니다.
2020-08-25 오후 4:10:23 PM프로그램이 종료되었습니다.
2020-08-25 오후 4:12:11 PM프로그램이 실행되었습니다.
2020-08-25 오후 4:16:41 PM프로그램이 종료되었습니다.
2020-08-25 오후 4:16:43 PM프로그램이 실행되었습니다.
2020-08-25 오후 4:17:06 PM프로그램이 종료되었습니다.
2020-08-25 오후 4:17:24 PM프로그램이 실행되었습니다.
2020-08-25 오후 4:18:11 PM프로그램이 종료되었습니다.
2020-08-25 오후 4:18:13 PM프로그램이 실행되었습니다.
2020-08-25 오후 4:18:19 PM프로그램이 종료되었습니다.
2020-08-25 오후 4:19:49 PM프로그램이 실행되었습니다.
2020-08-25 오후 4:20:08 PM프로그램이 종료되었습니다.
2020-08-25 오후 4:21:03 PM프로그램이 실행되었습니다.
2020-08-25 오후 4:21:31 PM프로그램이 종료되었습니다.
2020-08-25 오후 4:21:33 PM프로그램이 실행되었습니다.
2020-08-25 오후 4:23:53 PM프로그램이 실행되었습니다.
2020-08-25 오후 4:24:17 PM프로그램이 종료되었습니다.
2020-08-25 오후 4:24:19 PM프로그램이 종료되었습니다.
2020-08-25 오후 4:24:22 PM프로그램이 실행되었습니다.
2020-08-25 오후 4:30:04 PM프로그램이 종료되었습니다.
2020-08-25 오후 4:30:10 PM프로그램이 실행되었습니다.
2020-08-25 오후 4:32:31 PM프로그램이 종료되었습니다.
2020-08-25 오후 4:36:07 PM프로그램이 실행되었습니다.
2020-08-25 오후 4:36:43 PM프로그램이 종료되었습니다.
2020-08-25 오후 4:37:26 PM프로그램이 실행되었습니다.
2020-08-25 오후 4:37:40 PM프로그램이 종료되었습니다.
2020-08-25 오후 4:43:58 PM프로그램이 실행되었습니다.
2020-08-25 오후 4:44:13 PM프로그램이 종료되었습니다.
2020-08-25 오후 4:59:56 PM프로그램이 실행되었습니다.
2020-08-25 오후 5:00:08 PM프로그램이 종료되었습니다.
2020-08-25 오후 5:00:13 PM프로그램이 실행되었습니다.
2020-08-25 오후 5:01:22 PM프로그램이 종료되었습니다.
2020-08-25 오후 5:02:09 PM프로그램이 실행되었습니다.
2020-08-25 오후 5:02:18 PM프로그램이 종료되었습니다.
2020-08-25 오후 5:02:26 PM프로그램이 실행되었습니다.
2020-08-25 오후 5:03:08 PM프로그램이 종료되었습니다.
2020-08-25 오후 5:03:09 PM프로그램이 실행되었습니다.
2020-08-25 오후 5:04:00 PM프로그램이 종료되었습니다.
2020-08-25 오후 5:08:07 PM프로그램이 실행되었습니다.
2020-08-25 오후 5:08:44 PM프로그램이 종료되었습니다.
2020-08-25 오후 5:13:21 PM프로그램이 실행되었습니다.
2020-08-25 오후 5:14:35 PM프로그램이 종료되었습니다.
2020-08-25 오후 5:14:39 PM프로그램이 실행되었습니다.
2020-08-25 오후 5:17:55 PM프로그램이 종료되었습니다.
2020-08-25 오후 5:17:57 PM프로그램이 실행되었습니다.
2020-08-25 오후 5:18:22 PM프로그램이 종료되었습니다.
2020-08-25 오후 5:18:47 PM프로그램이 실행되었습니다.
2020-08-25 오후 5:19:19 PM프로그램이 종료되었습니다.
2020-08-25 오후 5:21:36 PM프로그램이 실행되었습니다.
2020-08-25 오후 5:21:40 C:\Windows\System32\cmd.exe(을)를 관리 테이블에서 삭제합니다.
2020-08-25 오후 5:21:48 cmd이 종료되었습니다.
2020-08-25 오후 5:21:53 C:\Windows\System32\mspaint.exe(을)를 관리 테이블에서 삭제합니다.
2020-08-25 오후 5:21:58 mspaint이 종료되었습니다.
2020-08-25 오후 5:22:01 mspaint이 종료되었습니다.
2020-08-25 오후 5:22:15 dxdiag이 종료되었습니다.
2020-08-25 오후 5:22:15 dxdiag이 종료되었습니다.
2020-08-25 오후 5:22:18 dxdiag이 종료되었습니다.
2020-08-25 오후 5:22:29 C:\Windows\System32\dxdiag.exe(을)를 관리 테이블에서 삭제합니다.
2020-08-25 오후 5:22:35 dxdiag이(가) 실행중이지 않아 시작합니다.
2020-08-25 오후 5:22:39 C:\Windows\System32\dxdiag.exe(을)를 관리 테이블에서 삭제합니다.
2020-08-25 오후 5:22:42 dxdiag이 종료되었습니다.
2020-08-25 오후 5:25:12 PM프로그램이 종료되었습니다.
2020-08-25 오후 5:25:14 PM프로그램이 실행되었습니다.
2020-08-25 오후 5:25:33 cmd이(가) 실행중이지 않아 시작합니다.
2020-08-25 오후 5:25:47 mspaint이(가) 실행중이지 않아 시작합니다.
2020-08-25 오후 5:26:51 dxdiag이(가) 실행중이지 않아 시작합니다.
2020-08-25 오후 5:29:34 C:\Windows\System32\mspaint.exe(을)를 관리 테이블에서 삭제합니다.
2020-08-25 오후 5:29:38 C:\Windows\System32\cmd.exe(을)를 관리 테이블에서 삭제합니다.
2020-08-25 오후 5:31:40 PM프로그램이 종료되었습니다.
2020-08-25 오후 5:55:13 PM프로그램이 실행되었습니다.
2020-08-25 오후 5:55:37 PM프로그램이 종료되었습니다.
2020-08-25 오후 5:57:29 PM프로그램이 실행되었습니다.
2020-08-25 오후 5:58:59 PM프로그램이 종료되었습니다.
2020-08-25 오후 5:59:01 PM프로그램이 실행되었습니다.
2020-08-25 오후 5:59:12 PM프로그램이 종료되었습니다.
2020-08-25 오후 6:00:54 PM프로그램이 실행되었습니다.
2020-08-25 오후 6:01:21 PM프로그램이 종료되었습니다.
2020-08-25 오후 6:30:50 PM프로그램이 실행되었습니다.
2020-08-25 오후 6:30:59 PM프로그램이 종료되었습니다.
2020-08-25 오후 6:31:02 PM프로그램이 실행되었습니다.
2020-08-25 오후 6:31:07 PM프로그램이 종료되었습니다.
2020-08-25 오후 6:35:54 PM프로그램이 실행되었습니다.
2020-08-25 오후 6:35:55 dxdiag이(가) 실행중이지 않아 시작합니다.
2020-08-25 오후 6:35:57 cmd이(가) 실행중이지 않아 시작합니다.
2020-08-25 오후 6:35:59 mspaint이(가) 실행중이지 않아 시작합니다.
2020-08-25 오후 6:37:51 PM프로그램이 종료되었습니다.
