2020-08-24 오전 8:42:44 PM프로그램이 실행되었습니다.
2020-08-24 오전 8:42:45 mspaint이(가) 실행중이지 않아 시작합니다.
2020-08-24 오전 8:42:46 dxdiag이(가) 실행중이지 않아 시작합니다.
2020-08-24 오전 8:43:06 PM프로그램이 종료되었습니다.
2020-08-24 오전 8:56:55 PM프로그램이 실행되었습니다.
2020-08-24 오전 8:57:12 PM프로그램이 종료되었습니다.
2020-08-24 오전 8:58:32 PM프로그램이 실행되었습니다.
2020-08-24 오전 8:58:43 PM프로그램이 종료되었습니다.
2020-08-24 오전 9:02:13 PM프로그램이 실행되었습니다.
2020-08-24 오전 9:02:18 PM프로그램이 종료되었습니다.
2020-08-24 오전 9:02:59 PM프로그램이 실행되었습니다.
2020-08-24 오전 9:03:16 PM프로그램이 종료되었습니다.
2020-08-24 오전 9:43:29 PM프로그램이 실행되었습니다.
2020-08-24 오전 9:43:58 PM프로그램이 종료되었습니다.
2020-08-24 오전 9:44:32 PM프로그램이 실행되었습니다.
2020-08-24 오전 9:45:07 PM프로그램이 종료되었습니다.
2020-08-24 오전 9:59:22 PM프로그램이 실행되었습니다.
2020-08-24 오전 9:59:54 PM프로그램이 종료되었습니다.
2020-08-24 오전 10:00:17 PM프로그램이 실행되었습니다.
2020-08-24 오전 10:00:42 PM프로그램이 종료되었습니다.
2020-08-24 오전 10:01:38 PM프로그램이 실행되었습니다.
2020-08-24 오전 10:01:48 PM프로그램이 종료되었습니다.
2020-08-24 오전 10:02:54 PM프로그램이 실행되었습니다.
2020-08-24 오전 10:03:15 PM프로그램이 종료되었습니다.
2020-08-24 오전 10:04:27 PM프로그램이 실행되었습니다.
2020-08-24 오전 10:04:55 PM프로그램이 종료되었습니다.
2020-08-24 오전 10:05:27 PM프로그램이 종료되었습니다.
2020-08-24 오전 10:05:57 PM프로그램이 실행되었습니다.
2020-08-24 오전 10:06:14 PM프로그램이 종료되었습니다.
2020-08-24 오전 10:12:07 PM프로그램이 실행되었습니다.
2020-08-24 오전 10:12:23 PM프로그램이 종료되었습니다.
2020-08-24 오전 10:22:10 PM프로그램이 실행되었습니다.
2020-08-24 오전 10:22:48 PM프로그램이 종료되었습니다.
2020-08-24 오전 10:23:10 PM프로그램이 실행되었습니다.
2020-08-24 오전 10:23:43 PM프로그램이 종료되었습니다.
2020-08-24 오전 10:25:29 PM프로그램이 실행되었습니다.
2020-08-24 오전 10:25:59 PM프로그램이 종료되었습니다.
2020-08-24 오전 10:26:13 PM프로그램이 종료되었습니다.
2020-08-24 오전 10:28:35 PM프로그램이 실행되었습니다.
2020-08-24 오전 10:28:45 PM프로그램이 종료되었습니다.
2020-08-24 오전 10:36:54 PM프로그램이 실행되었습니다.
2020-08-24 오전 10:36:58 PM프로그램이 종료되었습니다.
2020-08-24 오전 10:38:27 PM프로그램이 실행되었습니다.
2020-08-24 오전 10:39:04 PM프로그램이 종료되었습니다.
2020-08-24 오전 10:43:26 PM프로그램이 실행되었습니다.
2020-08-24 오전 10:44:03 PM프로그램이 종료되었습니다.
2020-08-24 오전 10:54:38 PM프로그램이 실행되었습니다.
2020-08-24 오전 10:54:57 PM프로그램이 종료되었습니다.
2020-08-24 오전 10:57:12 PM프로그램이 실행되었습니다.
2020-08-24 오전 10:57:30 PM프로그램이 종료되었습니다.
2020-08-24 오전 10:58:00 PM프로그램이 실행되었습니다.
2020-08-24 오전 10:58:11 PM프로그램이 종료되었습니다.
2020-08-24 오전 11:00:26 PM프로그램이 실행되었습니다.
2020-08-24 오전 11:00:32 PM프로그램이 종료되었습니다.
2020-08-24 오전 11:01:36 PM프로그램이 실행되었습니다.
2020-08-24 오전 11:06:12 PM프로그램이 종료되었습니다.
2020-08-24 오전 11:06:12 PM프로그램이 실행되었습니다.
2020-08-24 오전 11:06:19 PM프로그램이 종료되었습니다.
2020-08-24 오전 11:07:05 PM프로그램이 실행되었습니다.
2020-08-24 오전 11:10:21 PM프로그램이 종료되었습니다.
2020-08-24 오전 11:10:38 PM프로그램이 실행되었습니다.
2020-08-24 오전 11:13:07 PM프로그램이 종료되었습니다.
2020-08-24 오전 11:13:08 PM프로그램이 실행되었습니다.
2020-08-24 오전 11:13:54 calc이(가) 실행중이지 않아 시작합니다.
2020-08-24 오전 11:13:56 calc이(가) 실행중이지 않아 시작합니다.
2020-08-24 오전 11:13:57 calc이(가) 실행중이지 않아 시작합니다.
2020-08-24 오전 11:13:59 calc이(가) 실행중이지 않아 시작합니다.
2020-08-24 오전 11:14:00 calc이(가) 실행중이지 않아 시작합니다.
2020-08-24 오전 11:14:02 calc이(가) 실행중이지 않아 시작합니다.
2020-08-24 오전 11:14:02 PM프로그램이 종료되었습니다.
2020-08-24 오전 11:14:04 calc이(가) 실행중이지 않아 시작합니다.
2020-08-24 오전 11:14:06 calc이(가) 실행중이지 않아 시작합니다.
2020-08-24 오전 11:14:07 calc이(가) 실행중이지 않아 시작합니다.
2020-08-24 오전 11:14:08 C:\Windows\System32\calc.exe(을)를 관리 테이블에서 삭제합니다.
2020-08-24 오전 11:14:09 calc이(가) 실행중이지 않아 시작합니다.
2020-08-24 오전 11:14:12 calc이(가) 실행중이지 않아 시작합니다.
2020-08-24 오전 11:14:13 calc이(가) 실행중이지 않아 시작합니다.
2020-08-24 오전 11:14:16 calc이(가) 실행중이지 않아 시작합니다.
2020-08-24 오전 11:14:17 calc이(가) 실행중이지 않아 시작합니다.
2020-08-24 오전 11:14:19 calc이(가) 실행중이지 않아 시작합니다.
2020-08-24 오전 11:14:20 calc이(가) 실행중이지 않아 시작합니다.
2020-08-24 오전 11:14:22 calc이(가) 실행중이지 않아 시작합니다.
2020-08-24 오전 11:14:23 calc이(가) 실행중이지 않아 시작합니다.
2020-08-24 오전 11:14:25 calc이(가) 실행중이지 않아 시작합니다.
2020-08-24 오전 11:14:28 calc이(가) 실행중이지 않아 시작합니다.
2020-08-24 오전 11:14:28 PM프로그램이 종료되었습니다.
2020-08-24 오전 11:14:32 PM프로그램이 실행되었습니다.
2020-08-24 오전 11:14:56 cmd이(가) 실행중이지 않아 시작합니다.
2020-08-24 오전 11:15:54 cmd이 종료되었습니다.
2020-08-24 오전 11:16:00 cmd이(가) 실행중이지 않아 시작합니다.
2020-08-24 오전 11:17:10 cmd이 종료되었습니다.
2020-08-24 오전 11:17:27 cmd이(가) 실행중이지 않아 시작합니다.
2020-08-24 오전 11:17:32 cmd이 종료되었습니다.
2020-08-24 오전 11:18:01 cmd이(가) 실행중이지 않아 시작합니다.
2020-08-24 오전 11:18:41 cmd이 종료되었습니다.
2020-08-24 오전 11:19:07 cmd이(가) 실행중이지 않아 시작합니다.
2020-08-24 오전 11:19:44 PM프로그램이 종료되었습니다.
2020-08-24 오전 11:24:56 PM프로그램이 실행되었습니다.
2020-08-24 오전 11:26:45 PM프로그램이 종료되었습니다.
2020-08-24 오전 11:26:48 PM프로그램이 실행되었습니다.
2020-08-24 오전 11:27:40 PM프로그램이 종료되었습니다.
2020-08-24 오전 11:28:00 PM프로그램이 실행되었습니다.
2020-08-24 오전 11:28:18 PM프로그램이 종료되었습니다.
2020-08-24 오전 11:28:47 PM프로그램이 실행되었습니다.
2020-08-24 오전 11:29:47 PM프로그램이 종료되었습니다.
2020-08-24 오전 11:30:56 PM프로그램이 실행되었습니다.
2020-08-24 오전 11:31:12 PM프로그램이 종료되었습니다.
2020-08-24 오전 11:39:25 PM프로그램이 실행되었습니다.
2020-08-24 오전 11:39:40 PM프로그램이 종료되었습니다.
2020-08-24 오전 11:39:50 PM프로그램이 실행되었습니다.
2020-08-24 오전 11:41:47 PM프로그램이 종료되었습니다.
2020-08-24 오전 11:41:48 PM프로그램이 실행되었습니다.
2020-08-24 오전 11:42:11 PM프로그램이 종료되었습니다.
2020-08-24 오전 11:45:27 PM프로그램이 실행되었습니다.
2020-08-24 오전 11:46:40 PM프로그램이 종료되었습니다.
2020-08-24 오전 11:47:26 PM프로그램이 실행되었습니다.
2020-08-24 오전 11:49:21 PM프로그램이 종료되었습니다.
2020-08-24 오전 11:49:35 PM프로그램이 종료되었습니다.
2020-08-24 오전 11:54:58 PM프로그램이 실행되었습니다.
2020-08-24 오전 11:55:08 PM프로그램이 종료되었습니다.
2020-08-24 오후 12:12:39 PM프로그램이 실행되었습니다.
2020-08-24 오후 12:13:11 PM프로그램이 종료되었습니다.
2020-08-24 오후 12:20:30 PM프로그램이 실행되었습니다.
2020-08-24 오후 12:21:49 PM프로그램이 종료되었습니다.
2020-08-24 오후 12:28:26 PM프로그램이 실행되었습니다.
2020-08-24 오후 12:29:41 PM프로그램이 종료되었습니다.
2020-08-24 오후 12:30:29 PM프로그램이 실행되었습니다.
2020-08-24 오후 12:30:48 PM프로그램이 종료되었습니다.
2020-08-24 오후 12:31:52 PM프로그램이 실행되었습니다.
2020-08-24 오후 12:32:07 PM프로그램이 종료되었습니다.
2020-08-24 오후 12:44:35 PM프로그램이 실행되었습니다.
2020-08-24 오후 12:44:56 PM프로그램이 종료되었습니다.
2020-08-24 오후 12:59:23 PM프로그램이 실행되었습니다.
2020-08-24 오후 1:01:01 PM프로그램이 종료되었습니다.
2020-08-24 오후 1:01:04 PM프로그램이 실행되었습니다.
2020-08-24 오후 1:02:30 PM프로그램이 종료되었습니다.
2020-08-24 오후 1:02:31 PM프로그램이 실행되었습니다.
2020-08-24 오후 1:02:35 PM프로그램이 종료되었습니다.
2020-08-24 오후 1:02:43 PM프로그램이 종료되었습니다.
2020-08-24 오후 1:03:09 PM프로그램이 실행되었습니다.
2020-08-24 오후 1:41:21 PM프로그램이 종료되었습니다.
2020-08-24 오후 4:41:42 PM프로그램이 실행되었습니다.
2020-08-24 오후 4:41:43 mspaint이(가) 실행중이지 않아 시작합니다.
2020-08-24 오후 4:41:45 dxdiag이(가) 실행중이지 않아 시작합니다.
2020-08-24 오후 4:41:46 cmd이(가) 실행중이지 않아 시작합니다.
2020-08-24 오후 4:42:39 dxdiag이 종료되었습니다.
2020-08-24 오후 4:42:40 cmd이 종료되었습니다.
2020-08-24 오후 4:42:42 mspaint이 종료되었습니다.
2020-08-24 오후 4:42:45 mspaint이(가) 실행중이지 않아 시작합니다.
2020-08-24 오후 4:42:47 PM프로그램이 종료되었습니다.
2020-08-24 오후 5:03:24 PM프로그램이 실행되었습니다.
2020-08-24 오후 5:03:25 mspaint이(가) 실행중이지 않아 시작합니다.
2020-08-24 오후 5:03:27 cmd이(가) 실행중이지 않아 시작합니다.
2020-08-24 오후 5:03:28 dxdiag이(가) 실행중이지 않아 시작합니다.
2020-08-24 오후 5:05:16 PM프로그램이 종료되었습니다.
2020-08-24 오후 5:17:55 PM프로그램이 실행되었습니다.
2020-08-24 오후 5:17:55 PM프로그램이 실행되었습니다.
2020-08-24 오후 5:18:05 PM프로그램이 종료되었습니다.
2020-08-24 오후 5:18:06 PM프로그램이 종료되었습니다.
2020-08-24 오후 5:22:10 PM프로그램이 실행되었습니다.
2020-08-24 오후 5:26:01 PM프로그램이 종료되었습니다.
2020-08-24 오후 5:26:02 PM프로그램이 실행되었습니다.
2020-08-24 오후 5:26:06 PM프로그램이 종료되었습니다.
2020-08-24 오후 5:26:15 PM프로그램이 실행되었습니다.
2020-08-24 오후 5:26:25 PM프로그램이 종료되었습니다.
2020-08-24 오후 5:31:07 PM프로그램이 실행되었습니다.
2020-08-24 오후 5:31:17 PM프로그램이 종료되었습니다.
2020-08-24 오후 5:33:47 PM프로그램이 실행되었습니다.
2020-08-24 오후 5:34:03 PM프로그램이 종료되었습니다.
2020-08-24 오후 5:39:48 PM프로그램이 실행되었습니다.
2020-08-24 오후 5:40:18 PM프로그램이 종료되었습니다.
2020-08-24 오후 5:41:07 PM프로그램이 실행되었습니다.
2020-08-24 오후 5:41:36 PM프로그램이 종료되었습니다.
2020-08-24 오후 5:58:44 PM프로그램이 실행되었습니다.
2020-08-24 오후 5:59:00 mspaint이 종료되었습니다.
2020-08-24 오후 5:59:32 mspaint이(가) 실행중이지 않아 시작합니다.
2020-08-24 오후 6:00:44 PM프로그램이 종료되었습니다.
2020-08-24 오후 6:09:14 PM프로그램이 실행되었습니다.
2020-08-24 오후 6:09:35 mspaint이 종료되었습니다.
2020-08-24 오후 6:09:57 mspaint이(가) 실행중이지 않아 시작합니다.
2020-08-24 오후 6:11:27 PM프로그램이 종료되었습니다.
2020-08-24 오후 6:11:32 PM프로그램이 실행되었습니다.
2020-08-24 오후 6:11:41 mspaint이 종료되었습니다.
2020-08-24 오후 6:12:05 mspaint이(가) 실행중이지 않아 시작합니다.
2020-08-24 오후 6:12:18 mspaint이 종료되었습니다.
2020-08-24 오후 6:13:20 mspaint이(가) 실행중이지 않아 시작합니다.
2020-08-24 오후 6:19:03 PM프로그램이 종료되었습니다.
2020-08-24 오후 6:19:05 PM프로그램이 실행되었습니다.
2020-08-24 오후 6:19:13 mspaint이 종료되었습니다.
2020-08-24 오후 6:19:26 mspaint이(가) 실행중이지 않아 시작합니다.
2020-08-24 오후 6:19:48 PM프로그램이 종료되었습니다.
2020-08-24 오후 6:23:21 PM프로그램이 실행되었습니다.
2020-08-24 오후 6:23:42 mspaint이 종료되었습니다.
2020-08-24 오후 6:24:02 mspaint이(가) 실행중이지 않아 시작합니다.
2020-08-24 오후 6:24:13 PM프로그램이 종료되었습니다.
2020-08-24 오후 6:38:57 PM프로그램이 실행되었습니다.
2020-08-24 오후 6:39:16 mspaint이 종료되었습니다.
2020-08-24 오후 6:39:29 mspaint이(가) 실행중이지 않아 시작합니다.
2020-08-24 오후 6:41:23 dxdiag이 종료되었습니다.
2020-08-24 오후 6:42:12 dxdiag이(가) 실행중이지 않아 시작합니다.
2020-08-24 오후 6:42:31 dxdiag이 종료되었습니다.
2020-08-24 오후 6:42:37 C:\Windows\System32\dxdiag.exe(을)를 관리 테이블에서 삭제합니다.
2020-08-24 오후 6:42:39 dxdiag이(가) 실행중이지 않아 시작합니다.
2020-08-24 오후 6:42:53 dxdiag이 종료되었습니다.
2020-08-24 오후 6:42:59 dxdiag이(가) 실행중이지 않아 시작합니다.
2020-08-24 오후 6:43:04 dxdiag이 종료되었습니다.
2020-08-24 오후 6:43:16 dxdiag이(가) 실행중이지 않아 시작합니다.
2020-08-24 오후 6:43:22 dxdiag이 종료되었습니다.
2020-08-24 오후 6:43:34 dxdiag이(가) 실행중이지 않아 시작합니다.
2020-08-24 오후 6:43:58 dxdiag이 종료되었습니다.
2020-08-24 오후 6:44:08 dxdiag이(가) 실행중이지 않아 시작합니다.
2020-08-24 오후 6:44:08 PM프로그램이 종료되었습니다.
2020-08-24 오후 6:45:20 PM프로그램이 실행되었습니다.
2020-08-24 오후 6:45:48 dxdiag이(가) 실행중이지 않아 시작합니다.
2020-08-24 오후 6:46:06 dxdiag이 종료되었습니다.
2020-08-24 오후 6:46:34 dxdiag이(가) 실행중이지 않아 시작합니다.
2020-08-24 오후 6:46:38 PM프로그램이 종료되었습니다.
2020-08-24 오후 6:59:51 PM프로그램이 실행되었습니다.
2020-08-24 오후 7:00:04 dxdiag이 종료되었습니다.
2020-08-24 오후 7:00:21 dxdiag이(가) 실행중이지 않아 시작합니다.
2020-08-24 오후 7:00:36 dxdiag이 종료되었습니다.
2020-08-24 오후 7:00:53 C:\Windows\System32\dxdiag.exe(을)를 관리 테이블에서 삭제합니다.
2020-08-24 오후 7:00:54 dxdiag이(가) 실행중이지 않아 시작합니다.
2020-08-24 오후 7:01:05 dxdiag이 종료되었습니다.
2020-08-24 오후 7:01:08 dxdiag이(가) 실행중이지 않아 시작합니다.
2020-08-24 오후 7:01:16 dxdiag이 종료되었습니다.
2020-08-24 오후 7:01:18 PM프로그램이 종료되었습니다.
