2020-08-26 오전 8:28:32 PM프로그램이 실행되었습니다.
2020-08-26 오전 8:28:33 dxdiag이(가) 실행중이지 않아 시작합니다.
2020-08-26 오전 8:28:35 cmd이(가) 실행중이지 않아 시작합니다.
2020-08-26 오전 8:28:37 mspaint이(가) 실행중이지 않아 시작합니다.
2020-08-26 오전 8:37:20 PM프로그램이 종료되었습니다.
2020-08-26 오후 2:48:29 PM프로그램이 실행되었습니다.
2020-08-26 오후 2:48:30 dxdiag이(가) 실행중이지 않아 시작합니다.
2020-08-26 오후 2:48:31 cmd이(가) 실행중이지 않아 시작합니다.
2020-08-26 오후 2:48:33 mspaint이(가) 실행중이지 않아 시작합니다.
2020-08-26 오후 2:49:08 PM프로그램이 종료되었습니다.
2020-08-26 오후 3:16:14 PM프로그램이 실행되었습니다.
2020-08-26 오후 3:16:15 mspaint이(가) 실행중이지 않아 시작합니다.
2020-08-26 오후 3:16:17 cmd이(가) 실행중이지 않아 시작합니다.
2020-08-26 오후 3:16:18 dxdiag이(가) 실행중이지 않아 시작합니다.
2020-08-26 오후 3:18:29 PM프로그램이 종료되었습니다.
2020-08-26 오후 3:29:49 PM프로그램이 실행되었습니다.
2020-08-26 오후 3:36:52 PM프로그램이 종료되었습니다.
2020-08-26 오후 3:41:04 PM프로그램이 실행되었습니다.
2020-08-26 오후 3:41:16 PM프로그램이 종료되었습니다.
2020-08-26 오후 3:45:57 PM프로그램이 실행되었습니다.
2020-08-26 오후 3:46:04 PM프로그램이 종료되었습니다.
2020-08-26 오후 3:48:36 PM프로그램이 실행되었습니다.
2020-08-26 오후 3:49:28 PM프로그램이 종료되었습니다.
2020-08-26 오후 3:53:35 PM프로그램이 실행되었습니다.
2020-08-26 오후 3:54:03 PM프로그램이 종료되었습니다.
2020-08-26 오후 3:56:28 PM프로그램이 실행되었습니다.
2020-08-26 오후 3:56:29 cmd이(가) 실행중이지 않아 시작합니다.
2020-08-26 오후 3:56:31 dxdiag이(가) 실행중이지 않아 시작합니다.
2020-08-26 오후 3:56:32 mspaint이(가) 실행중이지 않아 시작합니다.
2020-08-26 오후 4:01:53 PM프로그램이 종료되었습니다.
2020-08-26 오후 4:12:01 PM프로그램이 실행되었습니다.
2020-08-26 오후 4:17:02 PM프로그램이 종료되었습니다.
2020-08-26 오후 4:17:35 PM프로그램이 실행되었습니다.
2020-08-26 오후 4:17:40 PM프로그램이 종료되었습니다.
2020-08-26 오후 4:37:47 PM프로그램이 실행되었습니다.
2020-08-26 오후 4:42:47 PM프로그램이 실행되었습니다.
2020-08-26 오후 4:42:48 dxdiag이(가) 실행중이지 않아 시작합니다.
2020-08-26 오후 4:42:49 cmd이(가) 실행중이지 않아 시작합니다.
2020-08-26 오후 4:42:51 mspaint이(가) 실행중이지 않아 시작합니다.
2020-08-26 오후 4:43:19 PM프로그램이 종료되었습니다.
2020-08-26 오후 4:44:31 PM프로그램이 실행되었습니다.
2020-08-26 오후 4:44:51 cmd이 종료되었습니다.
2020-08-26 오후 4:45:50 cmd이(가) 실행중이지 않아 시작합니다.
2020-08-26 오후 4:50:55 PM프로그램이 종료되었습니다.
2020-08-26 오후 4:51:09 PM프로그램이 실행되었습니다.
2020-08-26 오후 4:51:13 PM프로그램이 종료되었습니다.
2020-08-26 오후 4:51:54 PM프로그램이 실행되었습니다.
2020-08-26 오후 4:57:44 PM프로그램이 종료되었습니다.
2020-08-26 오후 5:35:16 PM프로그램이 실행되었습니다.
2020-08-26 오후 5:35:23 PM프로그램이 실행되었습니다.
2020-08-26 오후 5:35:24 cmd이(가) 실행중이지 않아 시작합니다.
2020-08-26 오후 5:35:25 dxdiag이(가) 실행중이지 않아 시작합니다.
2020-08-26 오후 5:35:27 mspaint이(가) 실행중이지 않아 시작합니다.
2020-08-26 오후 5:35:59 PM프로그램이 종료되었습니다.
2020-08-26 오후 5:36:42 PM프로그램이 실행되었습니다.
2020-08-26 오후 5:37:06 PM프로그램이 종료되었습니다.
2020-08-26 오후 5:41:27 PM프로그램이 실행되었습니다.
2020-08-26 오후 5:41:28 dxdiag이(가) 실행중이지 않아 시작합니다.
2020-08-26 오후 5:41:29 cmd이(가) 실행중이지 않아 시작합니다.
2020-08-26 오후 5:41:31 mspaint이(가) 실행중이지 않아 시작합니다.
2020-08-26 오후 5:42:10 PM프로그램이 종료되었습니다.
