2020-08-23 오전 11:55:32 PM프로그램이 실행되었습니다.
2020-08-23 오전 11:55:33 test이(가) 실행중이지 않아 재시작 합니다.
2020-08-23 오전 11:55:36 test이(가) 실행중이지 않아 재시작 합니다.
2020-08-23 오전 11:55:37 test이(가) 실행중이지 않아 재시작 합니다.
2020-08-23 오전 11:55:39 test이(가) 실행중이지 않아 재시작 합니다.
2020-08-23 오전 11:55:40 test이(가) 실행중이지 않아 재시작 합니다.
2020-08-23 오전 11:55:42 test이(가) 실행중이지 않아 재시작 합니다.
2020-08-23 오전 11:55:44 test이(가) 실행중이지 않아 재시작 합니다.
2020-08-23 오전 11:55:45 test이(가) 실행중이지 않아 재시작 합니다.
2020-08-23 오전 11:55:47 test이(가) 실행중이지 않아 재시작 합니다.
2020-08-23 오전 11:55:48 test이(가) 실행중이지 않아 재시작 합니다.
2020-08-23 오전 11:55:50 test이(가) 실행중이지 않아 재시작 합니다.
2020-08-23 오전 11:55:51 test이(가) 실행중이지 않아 재시작 합니다.
2020-08-23 오전 11:55:53 test이(가) 실행중이지 않아 재시작 합니다.
2020-08-23 오전 11:55:54 test이(가) 실행중이지 않아 재시작 합니다.
2020-08-23 오전 11:55:56 test이(가) 실행중이지 않아 재시작 합니다.
2020-08-23 오전 11:55:58 test이(가) 실행중이지 않아 재시작 합니다.
2020-08-23 오전 11:55:59 test이(가) 실행중이지 않아 재시작 합니다.
2020-08-23 오전 11:56:01 test이(가) 실행중이지 않아 재시작 합니다.
2020-08-23 오전 11:56:02 test이(가) 실행중이지 않아 재시작 합니다.
2020-08-23 오전 11:56:04 test이(가) 실행중이지 않아 재시작 합니다.
2020-08-23 오전 11:56:05 test이(가) 실행중이지 않아 재시작 합니다.
2020-08-23 오전 11:56:07 test이(가) 실행중이지 않아 재시작 합니다.
2020-08-23 오전 11:56:08 test이(가) 실행중이지 않아 재시작 합니다.
2020-08-23 오전 11:56:09 C:\Users\sarada\source\repos\test\Release\test.exe(을)를 관리 테이블에서 삭제합니다.
2020-08-23 오전 11:56:10 test이(가) 실행중이지 않아 재시작 합니다.
2020-08-23 오전 11:56:12 test이(가) 실행중이지 않아 재시작 합니다.
2020-08-23 오전 11:56:13 test이(가) 실행중이지 않아 재시작 합니다.
2020-08-23 오전 11:56:15 test이(가) 실행중이지 않아 재시작 합니다.
2020-08-23 오전 11:56:16 test이(가) 실행중이지 않아 재시작 합니다.
2020-08-23 오전 11:56:18 test이(가) 실행중이지 않아 재시작 합니다.
2020-08-23 오전 11:56:19 test이(가) 실행중이지 않아 재시작 합니다.
2020-08-23 오전 11:56:21 test이(가) 실행중이지 않아 재시작 합니다.
2020-08-23 오전 11:56:22 PM프로그램이 종료되었습니다.
2020-08-23 오후 12:02:30 PM프로그램이 실행되었습니다.
2020-08-23 오후 12:03:28 C:\Windows\System32\mspaint.exe(을)를 관리 프로그램으로 추가하였습니다.
2020-08-23 오후 12:03:42 mspaint이(가) 실행중이지 않아 재시작 합니다.
2020-08-23 오후 12:04:42 PM프로그램이 종료되었습니다.
2020-08-23 오후 12:06:22 PM프로그램이 실행되었습니다.
2020-08-23 오후 12:07:08 PM프로그램이 실행되었습니다.
2020-08-23 오후 12:07:22 PM프로그램이 실행되었습니다.
2020-08-23 오후 12:08:16 PM프로그램이 실행되었습니다.
2020-08-23 오후 12:10:11 PM프로그램이 실행되었습니다.
2020-08-23 오후 12:10:27 PM프로그램이 실행되었습니다.
2020-08-23 오후 12:11:02 PM프로그램이 실행되었습니다.
2020-08-23 오후 12:14:29 PM프로그램이 실행되었습니다.
2020-08-23 오후 12:14:44 PM프로그램이 종료되었습니다.
2020-08-23 오후 12:17:25 PM프로그램이 실행되었습니다.
2020-08-23 오후 12:19:17 PM프로그램이 실행되었습니다.
2020-08-23 오후 12:21:23 PM프로그램이 종료되었습니다.
2020-08-23 오후 12:21:29 PM프로그램이 실행되었습니다.
2020-08-23 오후 12:23:37 PM프로그램이 실행되었습니다.
2020-08-23 오후 12:23:46 C:\Windows\System32\mspaint.exe(을)를 관리 테이블에서 삭제합니다.
2020-08-23 오후 12:23:56 PM프로그램이 종료되었습니다.
2020-08-23 오후 12:24:48 PM프로그램이 실행되었습니다.
2020-08-23 오후 12:25:09 C:\Windows\System32\mspaint.exe(을)를 관리 프로그램으로 추가하였습니다.
2020-08-23 오후 12:34:13 PM프로그램이 종료되었습니다.
2020-08-23 오후 12:39:37 PM프로그램이 실행되었습니다.
2020-08-23 오후 12:39:40 PM프로그램이 종료되었습니다.
2020-08-23 오후 12:40:16 PM프로그램이 실행되었습니다.
2020-08-23 오후 12:40:27 PM프로그램이 종료되었습니다.
2020-08-23 오후 12:41:46 PM프로그램이 실행되었습니다.
2020-08-23 오후 12:41:56 PM프로그램이 종료되었습니다.
2020-08-23 오후 12:51:19 PM프로그램이 실행되었습니다.
2020-08-23 오후 12:52:41 PM프로그램이 종료되었습니다.
2020-08-23 오후 1:08:35 PM프로그램이 실행되었습니다.
2020-08-23 오후 1:09:08 PM프로그램이 종료되었습니다.
2020-08-23 오후 1:11:14 PM프로그램이 실행되었습니다.
2020-08-23 오후 1:11:37 PM프로그램이 종료되었습니다.
2020-08-23 오후 1:12:07 PM프로그램이 실행되었습니다.
2020-08-23 오후 1:12:21 PM프로그램이 종료되었습니다.
2020-08-23 오후 1:12:43 PM프로그램이 실행되었습니다.
2020-08-23 오후 1:13:00 PM프로그램이 종료되었습니다.
2020-08-23 오후 1:13:50 PM프로그램이 실행되었습니다.
2020-08-23 오후 1:14:14 PM프로그램이 종료되었습니다.
2020-08-23 오후 1:14:20 PM프로그램이 실행되었습니다.
2020-08-23 오후 1:14:40 PM프로그램이 종료되었습니다.
2020-08-23 오후 1:15:56 PM프로그램이 실행되었습니다.
2020-08-23 오후 1:16:36 PM프로그램이 종료되었습니다.
2020-08-23 오후 1:17:15 PM프로그램이 실행되었습니다.
2020-08-23 오후 1:17:32 PM프로그램이 종료되었습니다.
2020-08-23 오후 1:27:09 PM프로그램이 실행되었습니다.
2020-08-23 오후 1:27:31 PM프로그램이 종료되었습니다.
2020-08-23 오후 1:30:10 PM프로그램이 실행되었습니다.
2020-08-23 오후 1:30:27 PM프로그램이 종료되었습니다.
2020-08-23 오후 1:30:32 PM프로그램이 실행되었습니다.
2020-08-23 오후 1:30:38 PM프로그램이 종료되었습니다.
2020-08-23 오후 1:31:49 PM프로그램이 실행되었습니다.
2020-08-23 오후 1:32:13 PM프로그램이 종료되었습니다.
2020-08-23 오후 1:32:19 PM프로그램이 실행되었습니다.
2020-08-23 오후 1:32:23 PM프로그램이 종료되었습니다.
2020-08-23 오후 1:32:33 PM프로그램이 실행되었습니다.
2020-08-23 오후 1:34:48 PM프로그램이 실행되었습니다.
2020-08-23 오후 1:44:59 PM프로그램이 실행되었습니다.
2020-08-23 오후 1:45:37 PM프로그램이 실행되었습니다.
2020-08-23 오후 1:46:03 PM프로그램이 실행되었습니다.
2020-08-23 오후 1:48:40 PM프로그램이 실행되었습니다.
2020-08-23 오후 1:49:03 PM프로그램이 실행되었습니다.
2020-08-23 오후 1:49:07 PM프로그램이 종료되었습니다.
2020-08-23 오후 1:52:59 PM프로그램이 실행되었습니다.
2020-08-23 오후 2:04:14 PM프로그램이 실행되었습니다.
2020-08-23 오후 2:04:48 C:\Windows\System32\calc.exe(을)를 관리 테이블에서 삭제합니다.
2020-08-23 오후 2:04:51 PM프로그램이 종료되었습니다.
2020-08-23 오후 2:05:04 PM프로그램이 실행되었습니다.
2020-08-23 오후 2:06:15 PM프로그램이 실행되었습니다.
2020-08-23 오후 2:06:17 calc이(가) 실행중이지 않아 재시작 합니다.
2020-08-23 오후 2:06:19 calc이(가) 실행중이지 않아 재시작 합니다.
2020-08-23 오후 2:06:20 calc이(가) 실행중이지 않아 재시작 합니다.
2020-08-23 오후 2:06:21 C:\Windows\System32\calc.exe(을)를 관리 테이블에서 삭제합니다.
2020-08-23 오후 2:06:22 calc이(가) 실행중이지 않아 재시작 합니다.
2020-08-23 오후 2:06:23 calc이(가) 실행중이지 않아 재시작 합니다.
2020-08-23 오후 2:06:25 calc이(가) 실행중이지 않아 재시작 합니다.
2020-08-23 오후 2:06:26 calc이(가) 실행중이지 않아 재시작 합니다.
2020-08-23 오후 2:06:29 calc이(가) 실행중이지 않아 재시작 합니다.
2020-08-23 오후 2:06:30 calc이(가) 실행중이지 않아 재시작 합니다.
2020-08-23 오후 2:06:32 calc이(가) 실행중이지 않아 재시작 합니다.
2020-08-23 오후 2:06:33 calc이(가) 실행중이지 않아 재시작 합니다.
2020-08-23 오후 2:06:35 calc이(가) 실행중이지 않아 재시작 합니다.
2020-08-23 오후 2:06:37 calc이(가) 실행중이지 않아 재시작 합니다.
2020-08-23 오후 2:06:38 calc이(가) 실행중이지 않아 재시작 합니다.
2020-08-23 오후 2:06:41 calc이(가) 실행중이지 않아 재시작 합니다.
2020-08-23 오후 2:06:41 PM프로그램이 종료되었습니다.
2020-08-23 오후 2:06:54 PM프로그램이 실행되었습니다.
2020-08-23 오후 2:06:55 mspaint이(가) 실행중이지 않아 재시작 합니다.
2020-08-23 오후 2:08:10 PM프로그램이 종료되었습니다.
2020-08-23 오후 2:20:41 PM프로그램이 실행되었습니다.
2020-08-23 오후 2:22:28 PM프로그램이 실행되었습니다.
2020-08-23 오후 2:26:07 PM프로그램이 실행되었습니다.
2020-08-23 오후 2:26:31 C:\Windows\System32\dxdiag.exe(을)를 관리 테이블에서 삭제합니다.
2020-08-23 오후 2:26:33 PM프로그램이 종료되었습니다.
2020-08-23 오후 2:27:32 PM프로그램이 실행되었습니다.
2020-08-23 오후 2:31:39 PM프로그램이 종료되었습니다.
2020-08-23 오후 2:31:40 C:\Windows\System32\dxdiag.exe(을)를 관리 테이블에서 삭제합니다.
2020-08-23 오후 2:31:43 PM프로그램이 종료되었습니다.
2020-08-23 오후 2:43:59 PM프로그램이 실행되었습니다.
2020-08-23 오후 2:44:01 PM프로그램이 종료되었습니다.
2020-08-23 오후 2:44:18 PM프로그램이 실행되었습니다.
2020-08-23 오후 2:44:29 dxdiag이(가) 실행중이지 않아 시작합니다.
2020-08-23 오후 2:45:09 dxdiag이 종료되었습니다.
2020-08-23 오후 2:45:18 dxdiag이(가) 실행중이지 않아 시작합니다.
2020-08-23 오후 2:45:39 PM프로그램이 종료되었습니다.
2020-08-23 오후 2:49:57 PM프로그램이 실행되었습니다.
2020-08-23 오후 2:50:03 PM프로그램이 종료되었습니다.
2020-08-23 오후 2:52:17 PM프로그램이 실행되었습니다.
2020-08-23 오후 2:52:20 PM프로그램이 종료되었습니다.
2020-08-23 오후 2:54:09 PM프로그램이 실행되었습니다.
2020-08-23 오후 2:54:21 PM프로그램이 종료되었습니다.
2020-08-23 오후 2:55:34 PM프로그램이 실행되었습니다.
2020-08-23 오후 2:55:42 PM프로그램이 종료되었습니다.
2020-08-23 오후 2:56:13 PM프로그램이 실행되었습니다.
2020-08-23 오후 2:56:24 PM프로그램이 종료되었습니다.
2020-08-23 오후 2:57:08 PM프로그램이 실행되었습니다.
2020-08-23 오후 2:57:14 PM프로그램이 종료되었습니다.
2020-08-23 오후 2:58:27 PM프로그램이 실행되었습니다.
2020-08-23 오후 2:58:40 dxdiag이 종료되었습니다.
2020-08-23 오후 2:58:45 dxdiag이(가) 실행중이지 않아 시작합니다.
2020-08-23 오후 2:58:51 PM프로그램이 종료되었습니다.
2020-08-23 오후 3:00:39 PM프로그램이 실행되었습니다.
2020-08-23 오후 3:00:45 PM프로그램이 종료되었습니다.
2020-08-23 오후 3:03:42 PM프로그램이 실행되었습니다.
2020-08-23 오후 3:03:54 PM프로그램이 종료되었습니다.
2020-08-23 오후 3:04:56 PM프로그램이 실행되었습니다.
2020-08-23 오후 3:04:57 mspaint이(가) 실행중이지 않아 시작합니다.
2020-08-23 오후 3:05:35 PM프로그램이 종료되었습니다.
2020-08-23 오후 3:09:16 PM프로그램이 실행되었습니다.
2020-08-23 오후 3:10:27 PM프로그램이 종료되었습니다.
2020-08-23 오후 3:10:28 PM프로그램이 실행되었습니다.
2020-08-23 오후 3:10:37 PM프로그램이 종료되었습니다.
2020-08-23 오후 3:21:20 PM프로그램이 실행되었습니다.
2020-08-23 오후 3:21:22 C:\Windows\System32\dxdiag.exe(을)를 관리 테이블에서 삭제합니다.
2020-08-23 오후 3:21:41 PM프로그램이 종료되었습니다.
2020-08-23 오후 3:21:43 PM프로그램이 실행되었습니다.
2020-08-23 오후 3:22:27 PM프로그램이 종료되었습니다.
2020-08-23 오후 3:22:28 PM프로그램이 실행되었습니다.
2020-08-23 오후 3:22:41 PM프로그램이 실행되었습니다.
2020-08-23 오후 3:22:44 PM프로그램이 종료되었습니다.
2020-08-23 오후 3:22:46 PM프로그램이 종료되었습니다.
2020-08-23 오후 3:22:49 PM프로그램이 실행되었습니다.
2020-08-23 오후 3:22:51 C:\Windows\System32\dxdiag.exe(을)를 관리 테이블에서 삭제합니다.
2020-08-23 오후 3:23:08 PM프로그램이 종료되었습니다.
2020-08-23 오후 3:23:53 PM프로그램이 실행되었습니다.
2020-08-23 오후 3:24:10 C:\Windows\System32\dxdiag.exe(을)를 관리 테이블에서 삭제합니다.
2020-08-23 오후 3:24:15 PM프로그램이 종료되었습니다.
2020-08-23 오후 3:24:57 PM프로그램이 실행되었습니다.
2020-08-23 오후 3:25:21 C:\Windows\System32\dxdiag.exe(을)를 관리 테이블에서 삭제합니다.
2020-08-23 오후 3:25:25 PM프로그램이 종료되었습니다.
2020-08-23 오후 3:52:09 PM프로그램이 실행되었습니다.
2020-08-23 오후 3:53:04 PM프로그램이 종료되었습니다.
2020-08-23 오후 3:53:59 PM프로그램이 실행되었습니다.
2020-08-23 오후 3:54:38 PM프로그램이 종료되었습니다.
2020-08-23 오후 3:54:43 PM프로그램이 실행되었습니다.
2020-08-23 오후 3:54:54 PM프로그램이 종료되었습니다.
2020-08-23 오후 3:55:00 PM프로그램이 실행되었습니다.
2020-08-23 오후 3:55:18 PM프로그램이 종료되었습니다.
2020-08-23 오후 3:57:38 PM프로그램이 실행되었습니다.
2020-08-23 오후 3:57:57 PM프로그램이 종료되었습니다.
2020-08-23 오후 3:58:24 PM프로그램이 실행되었습니다.
2020-08-23 오후 3:58:33 PM프로그램이 종료되었습니다.
2020-08-23 오후 4:02:43 PM프로그램이 실행되었습니다.
2020-08-23 오후 4:03:14 PM프로그램이 종료되었습니다.
2020-08-23 오후 4:03:47 PM프로그램이 실행되었습니다.
2020-08-23 오후 4:04:07 PM프로그램이 종료되었습니다.
2020-08-23 오후 4:04:20 PM프로그램이 실행되었습니다.
2020-08-23 오후 4:04:58 PM프로그램이 종료되었습니다.
2020-08-23 오후 4:05:34 PM프로그램이 실행되었습니다.
2020-08-23 오후 4:06:08 PM프로그램이 종료되었습니다.
2020-08-23 오후 4:06:42 PM프로그램이 실행되었습니다.
2020-08-23 오후 4:07:09 PM프로그램이 종료되었습니다.
2020-08-23 오후 4:07:26 PM프로그램이 실행되었습니다.
2020-08-23 오후 4:07:58 PM프로그램이 종료되었습니다.
2020-08-23 오후 4:08:14 PM프로그램이 실행되었습니다.
2020-08-23 오후 4:08:48 PM프로그램이 종료되었습니다.
