2020-08-21 오전 10:51:28 cmd이 종료되었습니다.
2020-08-21 오후 5:04:45 dxdiag이 종료되었습니다.
2020-08-21 오후 5:05:50 cmd이 종료되었습니다.
2020-08-21 오후 5:50:04 cmd이 종료되었습니다.
2020-08-21 오후 6:28:09 mspaint이 종료되었습니다.
2020-08-21 오후 6:31:49 cmd이 종료되었습니다.
2020-08-21 오후 6:31:56 mspaint이 종료되었습니다.
2020-08-21 오후 6:31:58 dxdiag이 종료되었습니다.
2020-08-23 오후 2:45:09 dxdiag이 종료되었습니다.
2020-08-23 오후 2:58:40 dxdiag이 종료되었습니다.
2020-08-24 오전 11:15:54 cmd이 종료되었습니다.
2020-08-24 오전 11:17:10 cmd이 종료되었습니다.
2020-08-24 오전 11:17:15 cmd이 종료되었습니다.
2020-08-24 오전 11:17:32 cmd이 종료되었습니다.
2020-08-24 오전 11:18:41 cmd이 종료되었습니다.
2020-08-24 오후 4:42:39 dxdiag이 종료되었습니다.
2020-08-24 오후 4:42:40 cmd이 종료되었습니다.
2020-08-24 오후 4:42:42 mspaint이 종료되었습니다.
2020-08-24 오후 5:59:00 mspaint이 종료되었습니다.
2020-08-24 오후 6:09:35 mspaint이 종료되었습니다.
2020-08-24 오후 6:11:41 mspaint이 종료되었습니다.
2020-08-24 오후 6:12:18 mspaint이 종료되었습니다.
2020-08-24 오후 6:19:13 mspaint이 종료되었습니다.
2020-08-24 오후 6:23:42 mspaint이 종료되었습니다.
2020-08-24 오후 6:39:16 mspaint이 종료되었습니다.
2020-08-24 오후 6:41:23 dxdiag이 종료되었습니다.
2020-08-24 오후 6:42:31 dxdiag이 종료되었습니다.
2020-08-24 오후 6:42:53 dxdiag이 종료되었습니다.
2020-08-24 오후 6:43:04 dxdiag이 종료되었습니다.
2020-08-24 오후 6:43:22 dxdiag이 종료되었습니다.
2020-08-24 오후 6:43:59 dxdiag이 종료되었습니다.
2020-08-24 오후 6:46:06 dxdiag이 종료되었습니다.
2020-08-24 오후 7:00:04 dxdiag이 종료되었습니다.
2020-08-24 오후 7:00:36 dxdiag이 종료되었습니다.
2020-08-24 오후 7:01:05 dxdiag이 종료되었습니다.
2020-08-24 오후 7:01:16 dxdiag이 종료되었습니다.
2020-08-25 오전 8:46:22 cmd이 종료되었습니다.
2020-08-25 오전 8:47:01 cmd이 종료되었습니다.
2020-08-25 오전 8:51:15 cmd이 종료되었습니다.
2020-08-25 오전 8:56:26 cmd이 종료되었습니다.
2020-08-25 오전 9:01:49 cmd이 종료되었습니다.
2020-08-25 오전 9:02:23 dxdiag이 종료되었습니다.
2020-08-25 오전 9:02:26 dxdiag이 종료되었습니다.
2020-08-25 오전 9:05:51 dxdiag이 종료되었습니다.
2020-08-25 오후 2:28:33 mspaint이 종료되었습니다.
2020-08-25 오후 5:21:48 cmd이 종료되었습니다.
2020-08-25 오후 5:21:59 mspaint이 종료되었습니다.
2020-08-25 오후 5:22:02 mspaint이 종료되었습니다.
2020-08-25 오후 5:22:15 dxdiag이 종료되었습니다.
2020-08-25 오후 5:22:15 dxdiag이 종료되었습니다.
2020-08-25 오후 5:22:18 dxdiag이 종료되었습니다.
2020-08-25 오후 5:22:42 dxdiag이 종료되었습니다.
